{"/home/travis/build/npmtest/node-npmtest-simple-autoreload-server/test.js":{"path":"/home/travis/build/npmtest/node-npmtest-simple-autoreload-server/test.js","s":{"1":2,"2":2,"3":2,"4":2,"5":2,"6":2,"7":2,"8":1,"9":2,"10":2,"11":1,"12":1,"13":1,"14":1,"15":2,"16":2,"17":2,"18":2,"19":1,"20":1,"21":2,"22":2,"23":2,"24":1,"25":1,"26":1,"27":1,"28":1,"29":1,"30":1,"31":1,"32":1,"33":1,"34":1,"35":1,"36":1,"37":1,"38":1,"39":2,"40":2,"41":1,"42":2,"43":2,"44":1,"45":2,"46":2,"47":1,"48":2,"49":2,"50":1,"51":1,"52":1,"53":1,"54":1},"b":{"1":[2,1,1,1],"2":[1,1,1,1],"3":[1,1],"4":[1,1],"5":[1,1],"6":[1,1],"7":[1,1],"8":[1,1],"9":[1,1],"10":[1,1,1],"11":[1,1],"12":[1,1],"13":[1,1],"14":[1,1],"15":[1,1],"16":[1,1],"17":[1,1]},"f":{"1":2,"2":2,"3":2,"4":2,"5":2,"6":1,"7":1,"8":1,"9":2,"10":2,"11":2,"12":2,"13":1},"fnMap":{"1":{"name":"(anonymous_1)","line":12,"loc":{"start":{"line":12,"column":1},"end":{"line":12,"column":13}}},"2":{"name":"(anonymous_2)","line":19,"loc":{"start":{"line":19,"column":5},"end":{"line":19,"column":17}}},"3":{"name":"(anonymous_3)","line":23,"loc":{"start":{"line":23,"column":24},"end":{"line":23,"column":36}}},"4":{"name":"(anonymous_4)","line":61,"loc":{"start":{"line":61,"column":5},"end":{"line":61,"column":17}}},"5":{"name":"(anonymous_5)","line":82,"loc":{"start":{"line":82,"column":5},"end":{"line":82,"column":17}}},"6":{"name":"(anonymous_6)","line":91,"loc":{"start":{"line":91,"column":77},"end":{"line":94,"column":10}}},"7":{"name":"(anonymous_7)","line":112,"loc":{"start":{"line":112,"column":83},"end":{"line":115,"column":10}},"skip":true},"8":{"name":"(anonymous_8)","line":123,"loc":{"start":{"line":123,"column":77},"end":{"line":126,"column":10}},"skip":true},"9":{"name":"(anonymous_9)","line":139,"loc":{"start":{"line":139,"column":12},"end":{"line":139,"column":40}},"skip":true},"10":{"name":"(anonymous_10)","line":147,"loc":{"start":{"line":147,"column":77},"end":{"line":150,"column":10}},"skip":true},"11":{"name":"(anonymous_11)","line":158,"loc":{"start":{"line":158,"column":83},"end":{"line":161,"column":10}},"skip":true},"12":{"name":"(anonymous_12)","line":169,"loc":{"start":{"line":169,"column":79},"end":{"line":172,"column":10}},"skip":true},"13":{"name":"(anonymous_13)","line":180,"loc":{"start":{"line":180,"column":75},"end":{"line":183,"column":10}},"skip":true}},"statementMap":{"1":{"start":{"line":12,"column":0},"end":{"line":195,"column":5}},"2":{"start":{"line":14,"column":4},"end":{"line":14,"column":14}},"3":{"start":{"line":19,"column":4},"end":{"line":56,"column":9}},"4":{"start":{"line":21,"column":8},"end":{"line":21,"column":19}},"5":{"start":{"line":23,"column":8},"end":{"line":35,"column":13}},"6":{"start":{"line":24,"column":12},"end":{"line":34,"column":13}},"7":{"start":{"line":25,"column":16},"end":{"line":28,"column":30}},"8":{"start":{"line":30,"column":16},"end":{"line":33,"column":27}},"9":{"start":{"line":37,"column":8},"end":{"line":39,"column":21}},"10":{"start":{"line":40,"column":8},"end":{"line":53,"column":9}},"11":{"start":{"line":43,"column":12},"end":{"line":46,"column":14}},"12":{"start":{"line":47,"column":12},"end":{"line":47,"column":18}},"13":{"start":{"line":50,"column":12},"end":{"line":51,"column":46}},"14":{"start":{"line":52,"column":12},"end":{"line":52,"column":18}},"15":{"start":{"line":55,"column":8},"end":{"line":55,"column":35}},"16":{"start":{"line":61,"column":4},"end":{"line":63,"column":9}},"17":{"start":{"line":62,"column":8},"end":{"line":62,"column":15}},"18":{"start":{"line":64,"column":4},"end":{"line":77,"column":5}},"19":{"start":{"line":70,"column":8},"end":{"line":70,"column":14}},"20":{"start":{"line":76,"column":8},"end":{"line":76,"column":14}},"21":{"start":{"line":82,"column":4},"end":{"line":84,"column":9}},"22":{"start":{"line":83,"column":8},"end":{"line":83,"column":15}},"23":{"start":{"line":85,"column":4},"end":{"line":194,"column":5}},"24":{"start":{"line":91,"column":8},"end":{"line":99,"column":10}},"25":{"start":{"line":98,"column":12},"end":{"line":98,"column":35}},"26":{"start":{"line":102,"column":8},"end":{"line":104,"column":63}},"27":{"start":{"line":105,"column":8},"end":{"line":105,"column":14}},"28":{"start":{"line":112,"column":8},"end":{"line":121,"column":10},"skip":true},"29":{"start":{"line":119,"column":12},"end":{"line":119,"column":55},"skip":true},"30":{"start":{"line":120,"column":12},"end":{"line":120,"column":48},"skip":true},"31":{"start":{"line":123,"column":8},"end":{"line":136,"column":10},"skip":true},"32":{"start":{"line":130,"column":12},"end":{"line":130,"column":76},"skip":true},"33":{"start":{"line":131,"column":12},"end":{"line":131,"column":73},"skip":true},"34":{"start":{"line":132,"column":12},"end":{"line":132,"column":74},"skip":true},"35":{"start":{"line":133,"column":12},"end":{"line":133,"column":79},"skip":true},"36":{"start":{"line":134,"column":12},"end":{"line":134,"column":25},"skip":true},"37":{"start":{"line":135,"column":12},"end":{"line":135,"column":45},"skip":true},"38":{"start":{"line":138,"column":8},"end":{"line":145,"column":14},"skip":true},"39":{"start":{"line":143,"column":16},"end":{"line":143,"column":29},"skip":true},"40":{"start":{"line":144,"column":16},"end":{"line":144,"column":55},"skip":true},"41":{"start":{"line":147,"column":8},"end":{"line":156,"column":10},"skip":true},"42":{"start":{"line":154,"column":12},"end":{"line":154,"column":25},"skip":true},"43":{"start":{"line":155,"column":12},"end":{"line":155,"column":45},"skip":true},"44":{"start":{"line":158,"column":8},"end":{"line":167,"column":10},"skip":true},"45":{"start":{"line":165,"column":12},"end":{"line":165,"column":25},"skip":true},"46":{"start":{"line":166,"column":12},"end":{"line":166,"column":48},"skip":true},"47":{"start":{"line":169,"column":8},"end":{"line":178,"column":10},"skip":true},"48":{"start":{"line":176,"column":12},"end":{"line":176,"column":25},"skip":true},"49":{"start":{"line":177,"column":12},"end":{"line":177,"column":46},"skip":true},"50":{"start":{"line":180,"column":8},"end":{"line":189,"column":10},"skip":true},"51":{"start":{"line":187,"column":12},"end":{"line":187,"column":94},"skip":true},"52":{"start":{"line":188,"column":12},"end":{"line":188,"column":48},"skip":true},"53":{"start":{"line":192,"column":8},"end":{"line":192,"column":35},"skip":true},"54":{"start":{"line":193,"column":8},"end":{"line":193,"column":14},"skip":true}},"branchMap":{"1":{"line":25,"type":"binary-expr","locations":[{"start":{"line":25,"column":23},"end":{"line":25,"column":62}},{"start":{"line":26,"column":20},"end":{"line":26,"column":70}},{"start":{"line":27,"column":20},"end":{"line":27,"column":71}},{"start":{"line":28,"column":20},"end":{"line":28,"column":29}}]},"2":{"line":30,"type":"binary-expr","locations":[{"start":{"line":30,"column":23},"end":{"line":30,"column":37}},{"start":{"line":31,"column":20},"end":{"line":31,"column":61}},{"start":{"line":32,"column":20},"end":{"line":32,"column":70}},{"start":{"line":33,"column":20},"end":{"line":33,"column":26}}]},"3":{"line":37,"type":"cond-expr","locations":[{"start":{"line":38,"column":14},"end":{"line":38,"column":20}},{"start":{"line":39,"column":14},"end":{"line":39,"column":20}}]},"4":{"line":40,"type":"switch","locations":[{"start":{"line":42,"column":8},"end":{"line":47,"column":18}},{"start":{"line":49,"column":8},"end":{"line":52,"column":18}}]},"5":{"line":44,"type":"binary-expr","locations":[{"start":{"line":44,"column":16},"end":{"line":44,"column":44}},{"start":{"line":44,"column":48},"end":{"line":44,"column":66}}]},"6":{"line":50,"type":"binary-expr","locations":[{"start":{"line":50,"column":21},"end":{"line":50,"column":49}},{"start":{"line":50,"column":53},"end":{"line":50,"column":72}}]},"7":{"line":64,"type":"switch","locations":[{"start":{"line":69,"column":4},"end":{"line":70,"column":14}},{"start":{"line":75,"column":4},"end":{"line":76,"column":14}}]},"8":{"line":85,"type":"switch","locations":[{"start":{"line":90,"column":4},"end":{"line":105,"column":14}},{"start":{"line":111,"column":4},"end":{"line":193,"column":14},"skip":true}]},"9":{"line":91,"type":"binary-expr","locations":[{"start":{"line":91,"column":42},"end":{"line":91,"column":73}},{"start":{"line":91,"column":77},"end":{"line":99,"column":9}}]},"10":{"line":102,"type":"binary-expr","locations":[{"start":{"line":102,"column":18},"end":{"line":102,"column":32}},{"start":{"line":103,"column":12},"end":{"line":103,"column":53}},{"start":{"line":104,"column":12},"end":{"line":104,"column":61}}]},"11":{"line":112,"type":"binary-expr","locations":[{"start":{"line":112,"column":45},"end":{"line":112,"column":79},"skip":true},{"start":{"line":112,"column":83},"end":{"line":121,"column":9},"skip":true}]},"12":{"line":123,"type":"binary-expr","locations":[{"start":{"line":123,"column":42},"end":{"line":123,"column":73},"skip":true},{"start":{"line":123,"column":77},"end":{"line":136,"column":9},"skip":true}]},"13":{"line":138,"type":"binary-expr","locations":[{"start":{"line":138,"column":48},"end":{"line":138,"column":85},"skip":true},{"start":{"line":139,"column":12},"end":{"line":145,"column":13},"skip":true}]},"14":{"line":147,"type":"binary-expr","locations":[{"start":{"line":147,"column":42},"end":{"line":147,"column":73},"skip":true},{"start":{"line":147,"column":77},"end":{"line":156,"column":9},"skip":true}]},"15":{"line":158,"type":"binary-expr","locations":[{"start":{"line":158,"column":45},"end":{"line":158,"column":79},"skip":true},{"start":{"line":158,"column":83},"end":{"line":167,"column":9},"skip":true}]},"16":{"line":169,"type":"binary-expr","locations":[{"start":{"line":169,"column":43},"end":{"line":169,"column":75},"skip":true},{"start":{"line":169,"column":79},"end":{"line":178,"column":9},"skip":true}]},"17":{"line":180,"type":"binary-expr","locations":[{"start":{"line":180,"column":41},"end":{"line":180,"column":71},"skip":true},{"start":{"line":180,"column":75},"end":{"line":189,"column":9},"skip":true}]}},"code":["/* istanbul instrument in package npmtest_simple_autoreload_server */","/*jslint","    bitwise: true,","    browser: true,","    maxerr: 8,","    maxlen: 96,","    node: true,","    nomen: true,","    regexp: true,","    stupid: true","*/","(function () {","    'use strict';","    var local;","","","","    // run shared js-env code - pre-init","    (function () {","        // init local","        local = {};","        // init modeJs","        local.modeJs = (function () {","            try {","                return typeof navigator.userAgent === 'string' &&","                    typeof document.querySelector('body') === 'object' &&","                    typeof XMLHttpRequest.prototype.open === 'function' &&","                    'browser';","            } catch (errorCaughtBrowser) {","                return module.exports &&","                    typeof process.versions.node === 'string' &&","                    typeof require('http').createServer === 'function' &&","                    'node';","            }","        }());","        // init global","        local.global = local.modeJs === 'browser'","            ? window","            : global;","        switch (local.modeJs) {","        // re-init local from window.local","        case 'browser':","            local = local.global.utility2.objectSetDefault(","                local.global.utility2_rollup || local.global.local,","                local.global.utility2","            );","            break;","        // re-init local from example.js","        case 'node':","            local = (local.global.utility2_rollup || require('utility2'))","                .requireExampleJsFromReadme();","            break;","        }","        // export local","        local.global.local = local;","    }());","","","","    // run shared js-env code - function","    (function () {","        return;","    }());","    switch (local.modeJs) {","","","","    // run browser js-env code - function","    case 'browser':","        break;","","","","    // run node js-env code - function","    case 'node':","        break;","    }","","","","    // run shared js-env code - post-init","    (function () {","        return;","    }());","    switch (local.modeJs) {","","","","    // run browser js-env code - post-init","    case 'browser':","        local.testCase_browser_nullCase = local.testCase_browser_nullCase || function (","            options,","            onError","        ) {","        /*","         * this function will test browsers's null-case handling-behavior-behavior","         */","            onError(null, options);","        };","","        // run tests","        local.nop(local.modeTest &&","            document.querySelector('#testRunButton1') &&","            document.querySelector('#testRunButton1').click());","        break;","","","","    // run node js-env code - post-init","    /* istanbul ignore next */","    case 'node':","        local.testCase_buildApidoc_default = local.testCase_buildApidoc_default || function (","            options,","            onError","        ) {","        /*","         * this function will test buildApidoc's default handling-behavior-behavior","         */","            options = { modulePathList: module.paths };","            local.buildApidoc(options, onError);","        };","","        local.testCase_buildApp_default = local.testCase_buildApp_default || function (","            options,","            onError","        ) {","        /*","         * this function will test buildApp's default handling-behavior-behavior","         */","            local.testCase_buildReadme_default(options, local.onErrorThrow);","            local.testCase_buildLib_default(options, local.onErrorThrow);","            local.testCase_buildTest_default(options, local.onErrorThrow);","            local.testCase_buildCustomOrg_default(options, local.onErrorThrow);","            options = [];","            local.buildApp(options, onError);","        };","","        local.testCase_buildCustomOrg_default = local.testCase_buildCustomOrg_default ||","            function (options, onError) {","            /*","             * this function will test buildCustomOrg's default handling-behavior","             */","                options = {};","                local.buildCustomOrg(options, onError);","            };","","        local.testCase_buildLib_default = local.testCase_buildLib_default || function (","            options,","            onError","        ) {","        /*","         * this function will test buildLib's default handling-behavior","         */","            options = {};","            local.buildLib(options, onError);","        };","","        local.testCase_buildReadme_default = local.testCase_buildReadme_default || function (","            options,","            onError","        ) {","        /*","         * this function will test buildReadme's default handling-behavior-behavior","         */","            options = {};","            local.buildReadme(options, onError);","        };","","        local.testCase_buildTest_default = local.testCase_buildTest_default || function (","            options,","            onError","        ) {","        /*","         * this function will test buildTest's default handling-behavior","         */","            options = {};","            local.buildTest(options, onError);","        };","","        local.testCase_webpage_default = local.testCase_webpage_default || function (","            options,","            onError","        ) {","        /*","         * this function will test webpage's default handling-behavior","         */","            options = { modeCoverageMerge: true, url: local.serverLocalHost + '?modeTest=1' };","            local.browserTest(options, onError);","        };","","        // run test-server","        local.testRunServer(local);","        break;","    }","}());",""],"l":{"12":2,"14":2,"19":2,"21":2,"23":2,"24":2,"25":2,"30":1,"37":2,"40":2,"43":1,"47":1,"50":1,"52":1,"55":2,"61":2,"62":2,"64":2,"70":1,"76":1,"82":2,"83":2,"85":2,"91":1,"98":1,"102":1,"105":1,"112":1,"119":1,"120":1,"123":1,"130":1,"131":1,"132":1,"133":1,"134":1,"135":1,"138":1,"143":2,"144":2,"147":1,"154":2,"155":2,"158":1,"165":2,"166":2,"169":1,"176":2,"177":2,"180":1,"187":1,"188":1,"192":1,"193":1}},"/home/travis/build/npmtest/node-npmtest-simple-autoreload-server/lib.npmtest_simple_autoreload_server.js":{"path":"/home/travis/build/npmtest/node-npmtest-simple-autoreload-server/lib.npmtest_simple_autoreload_server.js","s":{"1":2,"2":2,"3":2,"4":2,"5":2,"6":2,"7":2,"8":1,"9":2,"10":2,"11":2,"12":2,"13":1,"14":1,"15":1,"16":1},"b":{"1":[2,1,1,1],"2":[1,1,1,1],"3":[1,1],"4":[2,2],"5":[1,1]},"f":{"1":2,"2":2,"3":2},"fnMap":{"1":{"name":"(anonymous_1)","line":12,"loc":{"start":{"line":12,"column":1},"end":{"line":12,"column":13}}},"2":{"name":"(anonymous_2)","line":19,"loc":{"start":{"line":19,"column":5},"end":{"line":19,"column":17}}},"3":{"name":"(anonymous_3)","line":23,"loc":{"start":{"line":23,"column":24},"end":{"line":23,"column":36}}}},"statementMap":{"1":{"start":{"line":12,"column":0},"end":{"line":53,"column":5}},"2":{"start":{"line":14,"column":4},"end":{"line":14,"column":14}},"3":{"start":{"line":19,"column":4},"end":{"line":52,"column":9}},"4":{"start":{"line":21,"column":8},"end":{"line":21,"column":19}},"5":{"start":{"line":23,"column":8},"end":{"line":35,"column":13}},"6":{"start":{"line":24,"column":12},"end":{"line":34,"column":13}},"7":{"start":{"line":25,"column":16},"end":{"line":28,"column":30}},"8":{"start":{"line":30,"column":16},"end":{"line":33,"column":27}},"9":{"start":{"line":37,"column":8},"end":{"line":39,"column":21}},"10":{"start":{"line":41,"column":8},"end":{"line":41,"column":54}},"11":{"start":{"line":43,"column":8},"end":{"line":43,"column":69}},"12":{"start":{"line":45,"column":8},"end":{"line":51,"column":9}},"13":{"start":{"line":46,"column":12},"end":{"line":46,"column":75}},"14":{"start":{"line":48,"column":12},"end":{"line":48,"column":35}},"15":{"start":{"line":49,"column":12},"end":{"line":49,"column":49}},"16":{"start":{"line":50,"column":12},"end":{"line":50,"column":43}}},"branchMap":{"1":{"line":25,"type":"binary-expr","locations":[{"start":{"line":25,"column":23},"end":{"line":25,"column":62}},{"start":{"line":26,"column":20},"end":{"line":26,"column":70}},{"start":{"line":27,"column":20},"end":{"line":27,"column":71}},{"start":{"line":28,"column":20},"end":{"line":28,"column":29}}]},"2":{"line":30,"type":"binary-expr","locations":[{"start":{"line":30,"column":23},"end":{"line":30,"column":37}},{"start":{"line":31,"column":20},"end":{"line":31,"column":61}},{"start":{"line":32,"column":20},"end":{"line":32,"column":70}},{"start":{"line":33,"column":20},"end":{"line":33,"column":26}}]},"3":{"line":37,"type":"cond-expr","locations":[{"start":{"line":38,"column":14},"end":{"line":38,"column":20}},{"start":{"line":39,"column":14},"end":{"line":39,"column":20}}]},"4":{"line":41,"type":"binary-expr","locations":[{"start":{"line":41,"column":16},"end":{"line":41,"column":44}},{"start":{"line":41,"column":48},"end":{"line":41,"column":53}}]},"5":{"line":45,"type":"if","locations":[{"start":{"line":45,"column":8},"end":{"line":45,"column":8}},{"start":{"line":45,"column":8},"end":{"line":45,"column":8}}]}},"code":["/* istanbul instrument in package npmtest_simple_autoreload_server */","/*jslint","    bitwise: true,","    browser: true,","    maxerr: 8,","    maxlen: 96,","    node: true,","    nomen: true,","    regexp: true,","    stupid: true","*/","(function () {","    'use strict';","    var local;","","","","    // run shared js-env code - pre-init","    (function () {","        // init local","        local = {};","        // init modeJs","        local.modeJs = (function () {","            try {","                return typeof navigator.userAgent === 'string' &&","                    typeof document.querySelector('body') === 'object' &&","                    typeof XMLHttpRequest.prototype.open === 'function' &&","                    'browser';","            } catch (errorCaughtBrowser) {","                return module.exports &&","                    typeof process.versions.node === 'string' &&","                    typeof require('http').createServer === 'function' &&","                    'node';","            }","        }());","        // init global","        local.global = local.modeJs === 'browser'","            ? window","            : global;","        // init utility2_rollup","        local = local.global.utility2_rollup || local;","        // init lib","        local.local = local.npmtest_simple_autoreload_server = local;","        // init exports","        if (local.modeJs === 'browser') {","            local.global.utility2_npmtest_simple_autoreload_server = local;","        } else {","            module.exports = local;","            module.exports.__dirname = __dirname;","            module.exports.module = module;","        }","    }());","}());",""],"l":{"12":2,"14":2,"19":2,"21":2,"23":2,"24":2,"25":2,"30":1,"37":2,"41":2,"43":2,"45":2,"46":1,"48":1,"49":1,"50":1}},"/home/travis/build/npmtest/node-npmtest-simple-autoreload-server/example.js":{"path":"/home/travis/build/npmtest/node-npmtest-simple-autoreload-server/example.js","s":{"1":2,"2":2,"3":2,"4":2,"5":2,"6":2,"7":2,"8":1,"9":2,"10":2,"11":2,"12":2,"13":1,"14":2,"15":2,"16":2,"17":2,"18":2,"19":0,"20":2,"21":1,"22":1,"23":1,"24":1,"25":1,"26":0,"27":0,"28":1,"29":1,"30":2,"31":0,"32":0,"33":0,"34":1,"35":2,"36":2,"37":3,"38":3,"39":3,"40":3,"41":0,"42":3,"43":3,"44":3,"45":1,"46":3,"47":1,"48":1,"49":1,"50":1,"51":1,"52":1,"53":1,"54":1,"55":1,"56":1,"57":0,"58":1,"59":6,"60":6,"61":1,"62":2,"63":0,"64":2,"65":1,"66":1,"67":0,"68":0,"69":0,"70":0,"71":0,"72":0,"73":0,"74":0,"75":0,"76":0,"77":0,"78":0,"79":0,"80":0,"81":0,"82":0,"83":0},"b":{"1":[2,1,1,1],"2":[1,1,1,1],"3":[1,1],"4":[2,2],"5":[1,1],"6":[1,1],"7":[2,0],"8":[2,1,1,1,1,1],"9":[0,2,0],"10":[1,1],"11":[2,1,1],"12":[1,0],"13":[0,2],"14":[2,0,0,0,0,0,0],"15":[0,3],"16":[3,0],"17":[1,1],"18":[0,1],"19":[1,2,0,2],"20":[1,0],"21":[1,1],"22":[0,0],"23":[0,0],"24":[0,0],"25":[0,0],"26":[0,0],"27":[0,0],"28":[0,0]},"f":{"1":2,"2":2,"3":2,"4":2,"5":2,"6":2,"7":3,"8":3,"9":3,"10":1,"11":6,"12":0},"fnMap":{"1":{"name":"(anonymous_1)","line":26,"loc":{"start":{"line":26,"column":1},"end":{"line":26,"column":13}}},"2":{"name":"(anonymous_2)","line":33,"loc":{"start":{"line":33,"column":5},"end":{"line":33,"column":17}}},"3":{"name":"(anonymous_3)","line":37,"loc":{"start":{"line":37,"column":24},"end":{"line":37,"column":36}}},"4":{"name":"(anonymous_4)","line":69,"loc":{"start":{"line":69,"column":31},"end":{"line":69,"column":48}},"skip":true},"5":{"name":"(anonymous_5)","line":78,"loc":{"start":{"line":78,"column":26},"end":{"line":78,"column":45}},"skip":true},"6":{"name":"(anonymous_6)","line":123,"loc":{"start":{"line":123,"column":33},"end":{"line":123,"column":48}},"skip":true},"7":{"name":"(anonymous_7)","line":125,"loc":{"start":{"line":125,"column":27},"end":{"line":125,"column":39}},"skip":true},"8":{"name":"(anonymous_8)","line":133,"loc":{"start":{"line":133,"column":59},"end":{"line":133,"column":74}},"skip":true},"9":{"name":"(anonymous_9)","line":143,"loc":{"start":{"line":143,"column":45},"end":{"line":143,"column":62}},"skip":true},"10":{"name":"(anonymous_10)","line":144,"loc":{"start":{"line":144,"column":73},"end":{"line":144,"column":92}},"skip":true},"11":{"name":"(anonymous_11)","line":272,"loc":{"start":{"line":272,"column":51},"end":{"line":272,"column":77}},"skip":true},"12":{"name":"(anonymous_12)","line":315,"loc":{"start":{"line":315,"column":32},"end":{"line":315,"column":61}},"skip":true}},"statementMap":{"1":{"start":{"line":26,"column":0},"end":{"line":326,"column":5}},"2":{"start":{"line":28,"column":4},"end":{"line":28,"column":14}},"3":{"start":{"line":33,"column":4},"end":{"line":60,"column":9}},"4":{"start":{"line":35,"column":8},"end":{"line":35,"column":19}},"5":{"start":{"line":37,"column":8},"end":{"line":49,"column":13}},"6":{"start":{"line":38,"column":12},"end":{"line":48,"column":13}},"7":{"start":{"line":39,"column":16},"end":{"line":42,"column":30}},"8":{"start":{"line":44,"column":16},"end":{"line":47,"column":27}},"9":{"start":{"line":51,"column":8},"end":{"line":53,"column":21}},"10":{"start":{"line":55,"column":8},"end":{"line":57,"column":45}},"11":{"start":{"line":59,"column":8},"end":{"line":59,"column":35}},"12":{"start":{"line":61,"column":4},"end":{"line":325,"column":5}},"13":{"start":{"line":69,"column":8},"end":{"line":121,"column":10},"skip":true},"14":{"start":{"line":70,"column":12},"end":{"line":88,"column":13},"skip":true},"15":{"start":{"line":76,"column":16},"end":{"line":87,"column":19},"skip":true},"16":{"start":{"line":79,"column":20},"end":{"line":86,"column":21},"skip":true},"17":{"start":{"line":82,"column":24},"end":{"line":82,"column":43},"skip":true},"18":{"start":{"line":83,"column":24},"end":{"line":83,"column":30},"skip":true},"19":{"start":{"line":85,"column":24},"end":{"line":85,"column":49},"skip":true},"20":{"start":{"line":89,"column":12},"end":{"line":107,"column":13},"skip":true},"21":{"start":{"line":92,"column":16},"end":{"line":102,"column":17},"skip":true},"22":{"start":{"line":93,"column":20},"end":{"line":93,"column":86},"skip":true},"23":{"start":{"line":94,"column":20},"end":{"line":95,"column":45},"skip":true},"24":{"start":{"line":96,"column":20},"end":{"line":96,"column":42},"skip":true},"25":{"start":{"line":97,"column":20},"end":{"line":97,"column":48},"skip":true},"26":{"start":{"line":100,"column":20},"end":{"line":100,"column":85},"skip":true},"27":{"start":{"line":101,"column":20},"end":{"line":101,"column":96},"skip":true},"28":{"start":{"line":103,"column":16},"end":{"line":103,"column":22},"skip":true},"29":{"start":{"line":106,"column":16},"end":{"line":106,"column":22},"skip":true},"30":{"start":{"line":108,"column":12},"end":{"line":120,"column":13},"skip":true},"31":{"start":{"line":114,"column":16},"end":{"line":119,"column":17},"skip":true},"32":{"start":{"line":116,"column":20},"end":{"line":116,"column":78},"skip":true},"33":{"start":{"line":118,"column":20},"end":{"line":118,"column":47},"skip":true},"34":{"start":{"line":123,"column":8},"end":{"line":141,"column":11},"skip":true},"35":{"start":{"line":124,"column":12},"end":{"line":124,"column":54},"skip":true},"36":{"start":{"line":125,"column":12},"end":{"line":140,"column":14},"skip":true},"37":{"start":{"line":126,"column":16},"end":{"line":126,"column":28},"skip":true},"38":{"start":{"line":127,"column":16},"end":{"line":127,"column":69},"skip":true},"39":{"start":{"line":128,"column":16},"end":{"line":128,"column":75},"skip":true},"40":{"start":{"line":129,"column":16},"end":{"line":131,"column":17},"skip":true},"41":{"start":{"line":130,"column":20},"end":{"line":130,"column":27},"skip":true},"42":{"start":{"line":133,"column":16},"end":{"line":137,"column":36},"skip":true},"43":{"start":{"line":134,"column":20},"end":{"line":136,"column":55},"skip":true},"44":{"start":{"line":139,"column":16},"end":{"line":139,"column":57},"skip":true},"45":{"start":{"line":143,"column":8},"end":{"line":147,"column":11},"skip":true},"46":{"start":{"line":144,"column":12},"end":{"line":146,"column":15},"skip":true},"47":{"start":{"line":145,"column":16},"end":{"line":145,"column":70},"skip":true},"48":{"start":{"line":149,"column":8},"end":{"line":149,"column":31},"skip":true},"49":{"start":{"line":150,"column":8},"end":{"line":150,"column":14},"skip":true},"50":{"start":{"line":158,"column":8},"end":{"line":158,"column":31},"skip":true},"51":{"start":{"line":160,"column":8},"end":{"line":160,"column":33},"skip":true},"52":{"start":{"line":161,"column":8},"end":{"line":161,"column":37},"skip":true},"53":{"start":{"line":162,"column":8},"end":{"line":162,"column":35},"skip":true},"54":{"start":{"line":164,"column":8},"end":{"line":164,"column":50},"skip":true},"55":{"start":{"line":166,"column":8},"end":{"line":256,"column":2},"skip":true},"56":{"start":{"line":258,"column":8},"end":{"line":286,"column":9},"skip":true},"57":{"start":{"line":259,"column":12},"end":{"line":269,"column":14},"skip":true},"58":{"start":{"line":271,"column":12},"end":{"line":285,"column":19},"skip":true},"59":{"start":{"line":274,"column":20},"end":{"line":274,"column":35},"skip":true},"60":{"start":{"line":275,"column":20},"end":{"line":284,"column":21},"skip":true},"61":{"start":{"line":277,"column":24},"end":{"line":277,"column":64},"skip":true},"62":{"start":{"line":279,"column":24},"end":{"line":279,"column":40},"skip":true},"63":{"start":{"line":281,"column":24},"end":{"line":281,"column":40},"skip":true},"64":{"start":{"line":283,"column":24},"end":{"line":283,"column":39},"skip":true},"65":{"start":{"line":288,"column":8},"end":{"line":290,"column":9},"skip":true},"66":{"start":{"line":289,"column":12},"end":{"line":289,"column":18},"skip":true},"67":{"start":{"line":291,"column":8},"end":{"line":293,"column":54},"skip":true},"68":{"start":{"line":296,"column":8},"end":{"line":301,"column":37},"skip":true},"69":{"start":{"line":303,"column":8},"end":{"line":303,"column":82},"skip":true},"70":{"start":{"line":306,"column":8},"end":{"line":308,"column":9},"skip":true},"71":{"start":{"line":307,"column":12},"end":{"line":307,"column":82},"skip":true},"72":{"start":{"line":310,"column":8},"end":{"line":312,"column":9},"skip":true},"73":{"start":{"line":311,"column":12},"end":{"line":311,"column":18},"skip":true},"74":{"start":{"line":313,"column":8},"end":{"line":313,"column":54},"skip":true},"75":{"start":{"line":314,"column":8},"end":{"line":314,"column":69},"skip":true},"76":{"start":{"line":315,"column":8},"end":{"line":323,"column":36},"skip":true},"77":{"start":{"line":316,"column":12},"end":{"line":316,"column":61},"skip":true},"78":{"start":{"line":317,"column":12},"end":{"line":320,"column":13},"skip":true},"79":{"start":{"line":318,"column":16},"end":{"line":318,"column":75},"skip":true},"80":{"start":{"line":319,"column":16},"end":{"line":319,"column":23},"skip":true},"81":{"start":{"line":321,"column":12},"end":{"line":321,"column":38},"skip":true},"82":{"start":{"line":322,"column":12},"end":{"line":322,"column":27},"skip":true},"83":{"start":{"line":324,"column":8},"end":{"line":324,"column":14},"skip":true}},"branchMap":{"1":{"line":39,"type":"binary-expr","locations":[{"start":{"line":39,"column":23},"end":{"line":39,"column":62}},{"start":{"line":40,"column":20},"end":{"line":40,"column":70}},{"start":{"line":41,"column":20},"end":{"line":41,"column":71}},{"start":{"line":42,"column":20},"end":{"line":42,"column":29}}]},"2":{"line":44,"type":"binary-expr","locations":[{"start":{"line":44,"column":23},"end":{"line":44,"column":37}},{"start":{"line":45,"column":20},"end":{"line":45,"column":61}},{"start":{"line":46,"column":20},"end":{"line":46,"column":70}},{"start":{"line":47,"column":20},"end":{"line":47,"column":26}}]},"3":{"line":51,"type":"cond-expr","locations":[{"start":{"line":52,"column":14},"end":{"line":52,"column":20}},{"start":{"line":53,"column":14},"end":{"line":53,"column":20}}]},"4":{"line":55,"type":"binary-expr","locations":[{"start":{"line":55,"column":16},"end":{"line":55,"column":44}},{"start":{"line":55,"column":49},"end":{"line":57,"column":43}}]},"5":{"line":55,"type":"cond-expr","locations":[{"start":{"line":56,"column":14},"end":{"line":56,"column":68}},{"start":{"line":57,"column":14},"end":{"line":57,"column":43}}]},"6":{"line":61,"type":"switch","locations":[{"start":{"line":68,"column":4},"end":{"line":150,"column":14},"skip":true},{"start":{"line":156,"column":4},"end":{"line":324,"column":14},"skip":true}]},"7":{"line":70,"type":"if","locations":[{"start":{"line":70,"column":12},"end":{"line":70,"column":12},"skip":true},{"start":{"line":70,"column":12},"end":{"line":70,"column":12},"skip":true}]},"8":{"line":70,"type":"binary-expr","locations":[{"start":{"line":70,"column":16},"end":{"line":70,"column":22},"skip":true},{"start":{"line":70,"column":27},"end":{"line":70,"column":32},"skip":true},{"start":{"line":71,"column":20},"end":{"line":71,"column":39},"skip":true},{"start":{"line":72,"column":20},"end":{"line":72,"column":49},"skip":true},{"start":{"line":73,"column":20},"end":{"line":73,"column":58},"skip":true},{"start":{"line":74,"column":20},"end":{"line":74,"column":69},"skip":true}]},"9":{"line":79,"type":"switch","locations":[{"start":{"line":80,"column":20},"end":{"line":80,"column":33},"skip":true},{"start":{"line":81,"column":20},"end":{"line":83,"column":30},"skip":true},{"start":{"line":84,"column":20},"end":{"line":85,"column":49},"skip":true}]},"10":{"line":89,"type":"switch","locations":[{"start":{"line":90,"column":12},"end":{"line":103,"column":22},"skip":true},{"start":{"line":105,"column":12},"end":{"line":106,"column":22},"skip":true}]},"11":{"line":89,"type":"binary-expr","locations":[{"start":{"line":89,"column":20},"end":{"line":89,"column":25},"skip":true},{"start":{"line":89,"column":29},"end":{"line":89,"column":48},"skip":true},{"start":{"line":89,"column":52},"end":{"line":89,"column":74},"skip":true}]},"12":{"line":92,"type":"if","locations":[{"start":{"line":92,"column":16},"end":{"line":92,"column":16},"skip":true},{"start":{"line":92,"column":16},"end":{"line":92,"column":16},"skip":true}]},"13":{"line":108,"type":"if","locations":[{"start":{"line":108,"column":12},"end":{"line":108,"column":12},"skip":true},{"start":{"line":108,"column":12},"end":{"line":108,"column":12},"skip":true}]},"14":{"line":108,"type":"binary-expr","locations":[{"start":{"line":108,"column":16},"end":{"line":108,"column":61},"skip":true},{"start":{"line":108,"column":66},"end":{"line":108,"column":72},"skip":true},{"start":{"line":108,"column":77},"end":{"line":108,"column":82},"skip":true},{"start":{"line":109,"column":20},"end":{"line":109,"column":39},"skip":true},{"start":{"line":110,"column":20},"end":{"line":110,"column":49},"skip":true},{"start":{"line":111,"column":20},"end":{"line":111,"column":58},"skip":true},{"start":{"line":112,"column":20},"end":{"line":112,"column":68},"skip":true}]},"15":{"line":129,"type":"if","locations":[{"start":{"line":129,"column":16},"end":{"line":129,"column":16},"skip":true},{"start":{"line":129,"column":16},"end":{"line":129,"column":16},"skip":true}]},"16":{"line":134,"type":"cond-expr","locations":[{"start":{"line":135,"column":26},"end":{"line":135,"column":29},"skip":true},{"start":{"line":136,"column":26},"end":{"line":136,"column":54},"skip":true}]},"17":{"line":164,"type":"binary-expr","locations":[{"start":{"line":164,"column":27},"end":{"line":164,"column":43},"skip":true},{"start":{"line":164,"column":47},"end":{"line":164,"column":49},"skip":true}]},"18":{"line":258,"type":"if","locations":[{"start":{"line":258,"column":8},"end":{"line":258,"column":8},"skip":true},{"start":{"line":258,"column":8},"end":{"line":258,"column":8},"skip":true}]},"19":{"line":275,"type":"switch","locations":[{"start":{"line":276,"column":20},"end":{"line":277,"column":64},"skip":true},{"start":{"line":278,"column":20},"end":{"line":279,"column":40},"skip":true},{"start":{"line":280,"column":20},"end":{"line":281,"column":40},"skip":true},{"start":{"line":282,"column":20},"end":{"line":283,"column":39},"skip":true}]},"20":{"line":288,"type":"if","locations":[{"start":{"line":288,"column":8},"end":{"line":288,"column":8},"skip":true},{"start":{"line":288,"column":8},"end":{"line":288,"column":8},"skip":true}]},"21":{"line":288,"type":"binary-expr","locations":[{"start":{"line":288,"column":12},"end":{"line":288,"column":40},"skip":true},{"start":{"line":288,"column":44},"end":{"line":288,"column":67},"skip":true}]},"22":{"line":292,"type":"binary-expr","locations":[{"start":{"line":292,"column":12},"end":{"line":292,"column":50},"skip":true},{"start":{"line":293,"column":12},"end":{"line":293,"column":53},"skip":true}]},"23":{"line":297,"type":"binary-expr","locations":[{"start":{"line":297,"column":12},"end":{"line":297,"column":82},"skip":true},{"start":{"line":298,"column":12},"end":{"line":301,"column":36},"skip":true}]},"24":{"line":303,"type":"binary-expr","locations":[{"start":{"line":303,"column":43},"end":{"line":303,"column":75},"skip":true},{"start":{"line":303,"column":79},"end":{"line":303,"column":81},"skip":true}]},"25":{"line":306,"type":"if","locations":[{"start":{"line":306,"column":8},"end":{"line":306,"column":8},"skip":true},{"start":{"line":306,"column":8},"end":{"line":306,"column":8},"skip":true}]},"26":{"line":310,"type":"if","locations":[{"start":{"line":310,"column":8},"end":{"line":310,"column":8},"skip":true},{"start":{"line":310,"column":8},"end":{"line":310,"column":8},"skip":true}]},"27":{"line":313,"type":"binary-expr","locations":[{"start":{"line":313,"column":27},"end":{"line":313,"column":43},"skip":true},{"start":{"line":313,"column":47},"end":{"line":313,"column":53},"skip":true}]},"28":{"line":317,"type":"if","locations":[{"start":{"line":317,"column":12},"end":{"line":317,"column":12},"skip":true},{"start":{"line":317,"column":12},"end":{"line":317,"column":12},"skip":true}]}},"code":["/*","example.js","","quickstart example","","instruction","    1. save this script as example.js","    2. run the shell command:","        $ npm install npmtest-simple-autoreload-server && PORT=8081 node example.js","    3. play with the browser-demo on http://127.0.0.1:8081","*/","","","","/* istanbul instrument in package npmtest_simple_autoreload_server */","/*jslint","    bitwise: true,","    browser: true,","    maxerr: 8,","    maxlen: 96,","    node: true,","    nomen: true,","    regexp: true,","    stupid: true","*/","(function () {","    'use strict';","    var local;","","","","    // run shared js-env code - pre-init","    (function () {","        // init local","        local = {};","        // init modeJs","        local.modeJs = (function () {","            try {","                return typeof navigator.userAgent === 'string' &&","                    typeof document.querySelector('body') === 'object' &&","                    typeof XMLHttpRequest.prototype.open === 'function' &&","                    'browser';","            } catch (errorCaughtBrowser) {","                return module.exports &&","                    typeof process.versions.node === 'string' &&","                    typeof require('http').createServer === 'function' &&","                    'node';","            }","        }());","        // init global","        local.global = local.modeJs === 'browser'","            ? window","            : global;","        // init utility2_rollup","        local = local.global.utility2_rollup || (local.modeJs === 'browser'","            ? local.global.utility2_npmtest_simple_autoreload_server","            : global.utility2_moduleExports);","        // export local","        local.global.local = local;","    }());","    switch (local.modeJs) {","","","","    // post-init","    // run browser js-env code - post-init","    /* istanbul ignore next */","    case 'browser':","        local.testRunBrowser = function (event) {","            if (!event || (event &&","                    event.currentTarget &&","                    event.currentTarget.className &&","                    event.currentTarget.className.includes &&","                    event.currentTarget.className.includes('onreset'))) {","                // reset output","                Array.from(","                    document.querySelectorAll('body > .resettable')","                ).forEach(function (element) {","                    switch (element.tagName) {","                    case 'INPUT':","                    case 'TEXTAREA':","                        element.value = '';","                        break;","                    default:","                        element.textContent = '';","                    }","                });","            }","            switch (event && event.currentTarget && event.currentTarget.id) {","            case 'testRunButton1':","                // show tests","                if (document.querySelector('#testReportDiv1').style.display === 'none') {","                    document.querySelector('#testReportDiv1').style.display = 'block';","                    document.querySelector('#testRunButton1').textContent =","                        'hide internal test';","                    local.modeTest = true;","                    local.testRunDefault(local);","                // hide tests","                } else {","                    document.querySelector('#testReportDiv1').style.display = 'none';","                    document.querySelector('#testRunButton1').textContent = 'run internal test';","                }","                break;","            // custom-case","            default:","                break;","            }","            if (document.querySelector('#inputTextareaEval1') && (!event || (event &&","                    event.currentTarget &&","                    event.currentTarget.className &&","                    event.currentTarget.className.includes &&","                    event.currentTarget.className.includes('oneval')))) {","                // try to eval input-code","                try {","                    /*jslint evil: true*/","                    eval(document.querySelector('#inputTextareaEval1').value);","                } catch (errorCaught) {","                    console.error(errorCaught);","                }","            }","        };","        // log stderr and stdout to #outputTextareaStdout1","        ['error', 'log'].forEach(function (key) {","            console[key + '_original'] = console[key];","            console[key] = function () {","                var element;","                console[key + '_original'].apply(console, arguments);","                element = document.querySelector('#outputTextareaStdout1');","                if (!element) {","                    return;","                }","                // append text to #outputTextareaStdout1","                element.value += Array.from(arguments).map(function (arg) {","                    return typeof arg === 'string'","                        ? arg","                        : JSON.stringify(arg, null, 4);","                }).join(' ') + '\\n';","                // scroll textarea to bottom","                element.scrollTop = element.scrollHeight;","            };","        });","        // init event-handling","        ['change', 'click', 'keyup'].forEach(function (event) {","            Array.from(document.querySelectorAll('.on' + event)).forEach(function (element) {","                element.addEventListener(event, local.testRunBrowser);","            });","        });","        // run tests","        local.testRunBrowser();","        break;","","","","    // run node js-env code - post-init","    /* istanbul ignore next */","    case 'node':","        // export local","        module.exports = local;","        // require modules","        local.fs = require('fs');","        local.http = require('http');","        local.url = require('url');","        // init assets","        local.assetsDict = local.assetsDict || {};","        /* jslint-ignore-begin */","        local.assetsDict['/assets.index.template.html'] = '\\","<!doctype html>\\n\\","<html lang=\"en\">\\n\\","<head>\\n\\","<meta charset=\"UTF-8\">\\n\\","<meta name=\"viewport\" content=\"width=device-width, initial-scale=1\">\\n\\","<title>{{env.npm_package_name}} (v{{env.npm_package_version}})</title>\\n\\","<style>\\n\\","/*csslint\\n\\","    box-sizing: false,\\n\\","    universal-selector: false\\n\\","*/\\n\\","* {\\n\\","    box-sizing: border-box;\\n\\","}\\n\\","body {\\n\\","    background: #dde;\\n\\","    font-family: Arial, Helvetica, sans-serif;\\n\\","    margin: 2rem;\\n\\","}\\n\\","body > * {\\n\\","    margin-bottom: 1rem;\\n\\","}\\n\\",".utility2FooterDiv {\\n\\","    margin-top: 20px;\\n\\","    text-align: center;\\n\\","}\\n\\","</style>\\n\\","<style>\\n\\","/*csslint\\n\\","*/\\n\\","textarea {\\n\\","    font-family: monospace;\\n\\","    height: 10rem;\\n\\","    width: 100%;\\n\\","}\\n\\","textarea[readonly] {\\n\\","    background: #ddd;\\n\\","}\\n\\","</style>\\n\\","</head>\\n\\","<body>\\n\\","<!-- utility2-comment\\n\\","<div id=\"ajaxProgressDiv1\" style=\"background: #d00; height: 2px; left: 0; margin: 0; padding: 0; position: fixed; top: 0; transition: background 0.5s, width 1.5s; width: 25%;\"></div>\\n\\","utility2-comment -->\\n\\","<h1>\\n\\","<!-- utility2-comment\\n\\","    <a\\n\\","        {{#if env.npm_package_homepage}}\\n\\","        href=\"{{env.npm_package_homepage}}\"\\n\\","        {{/if env.npm_package_homepage}}\\n\\","        target=\"_blank\"\\n\\","    >\\n\\","utility2-comment -->\\n\\","        {{env.npm_package_name}} (v{{env.npm_package_version}})\\n\\","<!-- utility2-comment\\n\\","    </a>\\n\\","utility2-comment -->\\n\\","</h1>\\n\\","<h3>{{env.npm_package_description}}</h3>\\n\\","<!-- utility2-comment\\n\\","<h4><a download href=\"assets.app.js\">download standalone app</a></h4>\\n\\","<button class=\"onclick onreset\" id=\"testRunButton1\">run internal test</button><br>\\n\\","<div id=\"testReportDiv1\" style=\"display: none;\"></div>\\n\\","utility2-comment -->\\n\\","\\n\\","\\n\\","\\n\\","<label>stderr and stdout</label>\\n\\","<textarea class=\"resettable\" id=\"outputTextareaStdout1\" readonly></textarea>\\n\\","<!-- utility2-comment\\n\\","{{#if isRollup}}\\n\\","<script src=\"assets.app.js\"></script>\\n\\","{{#unless isRollup}}\\n\\","utility2-comment -->\\n\\","<script src=\"assets.utility2.rollup.js\"></script>\\n\\","<script src=\"jsonp.utility2._stateInit?callback=window.utility2._stateInit\"></script>\\n\\","<script src=\"assets.npmtest_simple_autoreload_server.rollup.js\"></script>\\n\\","<script src=\"assets.example.js\"></script>\\n\\","<script src=\"assets.test.js\"></script>\\n\\","<!-- utility2-comment\\n\\","{{/if isRollup}}\\n\\","utility2-comment -->\\n\\","<div class=\"utility2FooterDiv\">\\n\\","    [ this app was created with\\n\\","    <a href=\"https://github.com/kaizhu256/node-utility2\" target=\"_blank\">utility2</a>\\n\\","    ]\\n\\","</div>\\n\\","</body>\\n\\","</html>\\n\\","';","        /* jslint-ignore-end */","        if (local.templateRender) {","            local.assetsDict['/'] = local.templateRender(","                local.assetsDict['/assets.index.template.html'],","                {","                    env: local.objectSetDefault(local.env, {","                        npm_package_description: 'the greatest app in the world!',","                        npm_package_name: 'my-app',","                        npm_package_nameAlias: 'my_app',","                        npm_package_version: '0.0.1'","                    })","                }","            );","        } else {","            local.assetsDict['/'] = local.assetsDict['/assets.index.template.html']","                .replace((/\\{\\{env\\.(\\w+?)\\}\\}/g), function (match0, match1) {","                    // jslint-hack","                    String(match0);","                    switch (match1) {","                    case 'npm_package_description':","                        return 'the greatest app in the world!';","                    case 'npm_package_name':","                        return 'my-app';","                    case 'npm_package_nameAlias':","                        return 'my_app';","                    case 'npm_package_version':","                        return '0.0.1';","                    }","                });","        }","        // run the cli","        if (local.global.utility2_rollup || module !== require.main) {","            break;","        }","        local.assetsDict['/assets.example.js'] =","            local.assetsDict['/assets.example.js'] ||","            local.fs.readFileSync(__filename, 'utf8');","        // bug-workaround - long $npm_package_buildCustomOrg","        /* jslint-ignore-begin */","        local.assetsDict['/assets.npmtest_simple_autoreload_server.rollup.js'] =","            local.assetsDict['/assets.npmtest_simple_autoreload_server.rollup.js'] ||","            local.fs.readFileSync(","                local.npmtest_simple_autoreload_server.__dirname + '/lib.npmtest_simple_autoreload_server.js',","                'utf8'","            ).replace((/^#!/), '//');","        /* jslint-ignore-end */","        local.assetsDict['/favicon.ico'] = local.assetsDict['/favicon.ico'] || '';","        // if $npm_config_timeout_exit exists,","        // then exit this process after $npm_config_timeout_exit ms","        if (Number(process.env.npm_config_timeout_exit)) {","            setTimeout(process.exit, Number(process.env.npm_config_timeout_exit));","        }","        // start server","        if (local.global.utility2_serverHttp1) {","            break;","        }","        process.env.PORT = process.env.PORT || '8081';","        console.error('server starting on port ' + process.env.PORT);","        local.http.createServer(function (request, response) {","            request.urlParsed = local.url.parse(request.url);","            if (local.assetsDict[request.urlParsed.pathname] !== undefined) {","                response.end(local.assetsDict[request.urlParsed.pathname]);","                return;","            }","            response.statusCode = 404;","            response.end();","        }).listen(process.env.PORT);","        break;","    }","}());",""],"l":{"26":2,"28":2,"33":2,"35":2,"37":2,"38":2,"39":2,"44":1,"51":2,"55":2,"59":2,"61":2,"69":1,"70":2,"76":2,"79":2,"82":2,"83":2,"85":1,"89":2,"92":1,"93":1,"94":1,"96":1,"97":1,"100":1,"101":1,"103":1,"106":1,"108":2,"114":1,"116":1,"118":1,"123":1,"124":2,"125":2,"126":3,"127":3,"128":3,"129":3,"130":1,"133":3,"134":3,"139":3,"143":1,"144":3,"145":1,"149":1,"150":1,"158":1,"160":1,"161":1,"162":1,"164":1,"166":1,"258":1,"259":1,"271":1,"274":6,"275":6,"277":1,"279":2,"281":1,"283":2,"288":1,"289":1,"291":1,"296":1,"303":1,"306":1,"307":1,"310":1,"311":1,"313":1,"314":1,"315":1,"316":1,"317":1,"318":1,"319":1,"321":1,"322":1,"324":1}},"/home/travis/build/npmtest/node-npmtest-simple-autoreload-server/node_modules/simple-autoreload-server/index.js":{"path":"/home/travis/build/npmtest/node-npmtest-simple-autoreload-server/node_modules/simple-autoreload-server/index.js","s":{"1":1,"2":1,"3":1,"4":1,"5":1,"6":0,"7":0,"8":0,"9":0,"10":1,"11":1,"12":1,"13":1,"14":1,"15":1,"16":1},"b":{"1":[1,0]},"f":{"1":1,"2":1,"3":0,"4":1},"fnMap":{"1":{"name":"(anonymous_1)","line":10,"loc":{"start":{"line":10,"column":1},"end":{"line":10,"column":11}}},"2":{"name":"(anonymous_2)","line":11,"loc":{"start":{"line":11,"column":19},"end":{"line":11,"column":29}}},"3":{"name":"(anonymous_3)","line":14,"loc":{"start":{"line":14,"column":14},"end":{"line":14,"column":26}}},"4":{"name":"import$","line":22,"loc":{"start":{"line":22,"column":2},"end":{"line":22,"column":28}}}},"statementMap":{"1":{"start":{"line":10,"column":0},"end":{"line":27,"column":14}},"2":{"start":{"line":11,"column":2},"end":{"line":21,"column":6}},"3":{"start":{"line":12,"column":4},"end":{"line":12,"column":28}},"4":{"start":{"line":13,"column":4},"end":{"line":13,"column":45}},"5":{"start":{"line":14,"column":4},"end":{"line":19,"column":6}},"6":{"start":{"line":15,"column":6},"end":{"line":15,"column":17}},"7":{"start":{"line":16,"column":6},"end":{"line":16,"column":57}},"8":{"start":{"line":17,"column":6},"end":{"line":17,"column":21}},"9":{"start":{"line":18,"column":6},"end":{"line":18,"column":20}},"10":{"start":{"line":20,"column":4},"end":{"line":20,"column":40}},"11":{"start":{"line":22,"column":2},"end":{"line":26,"column":3}},"12":{"start":{"line":23,"column":4},"end":{"line":23,"column":32}},"13":{"start":{"line":24,"column":4},"end":{"line":24,"column":69}},"14":{"start":{"line":24,"column":25},"end":{"line":24,"column":69}},"15":{"start":{"line":24,"column":49},"end":{"line":24,"column":69}},"16":{"start":{"line":25,"column":4},"end":{"line":25,"column":15}}},"branchMap":{"1":{"line":24,"type":"if","locations":[{"start":{"line":24,"column":25},"end":{"line":24,"column":25}},{"start":{"line":24,"column":25},"end":{"line":24,"column":25}}]}},"code":["/*"," * simple-autoreload-server v0.2.6 - 2016-10-14"," * <https://github.com/cytb/simple-autoreload-server>"," *"," * Copyright (c) 2016 cytb"," *"," * Licensed under the MIT License."," */","","(function(){","  module.exports = function(){","    var autoreload, exports;","    autoreload = require('./lib/autoreload');","    exports = function(it){","      var server;","      server = new autoreload.SimpleAutoreloadServer(it);","      server.start();","      return server;","    };","    return import$(exports, autoreload);","  }();","  function import$(obj, src){","    var own = {}.hasOwnProperty;","    for (var key in src) if (own.call(src, key)) obj[key] = src[key];","    return obj;","  }","}).call(this);",""],"l":{"10":1,"11":1,"12":1,"13":1,"14":1,"15":0,"16":0,"17":0,"18":0,"20":1,"22":1,"23":1,"24":1,"25":1}},"/home/travis/build/npmtest/node-npmtest-simple-autoreload-server/node_modules/simple-autoreload-server/lib/autoreload.js":{"path":"/home/travis/build/npmtest/node-npmtest-simple-autoreload-server/node_modules/simple-autoreload-server/lib/autoreload.js","s":{"1":1,"2":1,"3":1,"4":1,"5":1,"6":1,"7":1,"8":1,"9":1,"10":1,"11":1,"12":1,"13":1,"14":1,"15":1,"16":1,"17":1,"18":0,"19":0,"20":0,"21":0,"22":0,"23":0,"24":0,"25":0,"26":0,"27":0,"28":0,"29":0,"30":0,"31":0,"32":0,"33":0,"34":0,"35":0,"36":1,"37":0,"38":1,"39":0,"40":1,"41":0,"42":0,"43":0,"44":0,"45":0,"46":1,"47":0,"48":1,"49":0,"50":0,"51":0,"52":0,"53":0,"54":0,"55":0,"56":0,"57":0,"58":0,"59":0,"60":0,"61":0,"62":1,"63":1,"64":1,"65":1,"66":1,"67":0,"68":0,"69":0,"70":1,"71":0,"72":0,"73":0,"74":0,"75":0,"76":0,"77":0,"78":0,"79":0,"80":0,"81":0,"82":0,"83":0,"84":0,"85":0,"86":0,"87":0,"88":0,"89":0,"90":0,"91":0,"92":0,"93":0,"94":0,"95":0,"96":0,"97":0,"98":0,"99":0,"100":0,"101":0,"102":1,"103":1,"104":1,"105":1,"106":1,"107":0,"108":1,"109":0,"110":0,"111":0,"112":0,"113":1,"114":0,"115":0,"116":0,"117":0,"118":0,"119":0,"120":0,"121":0,"122":0,"123":0,"124":0,"125":0,"126":0,"127":0,"128":0,"129":0,"130":0,"131":0,"132":0,"133":0,"134":0,"135":0,"136":0,"137":0,"138":0,"139":0,"140":0,"141":0,"142":0,"143":0,"144":0,"145":0,"146":0,"147":0,"148":0,"149":0,"150":0,"151":0,"152":0,"153":0,"154":0,"155":0,"156":0,"157":0,"158":0,"159":0,"160":0,"161":0,"162":0,"163":0,"164":0,"165":0,"166":0,"167":0,"168":0,"169":0,"170":0,"171":0,"172":1,"173":1,"174":1,"175":0,"176":0,"177":0,"178":0,"179":0,"180":0,"181":0,"182":0,"183":0,"184":0,"185":0,"186":1,"187":0,"188":0,"189":0,"190":0,"191":0,"192":0,"193":0,"194":0,"195":0,"196":0,"197":0,"198":1,"199":0,"200":0,"201":0,"202":0,"203":0,"204":0,"205":0,"206":0,"207":0,"208":0,"209":1,"210":0,"211":0,"212":0,"213":0,"214":0,"215":0,"216":0,"217":0,"218":0,"219":0,"220":0,"221":0,"222":0,"223":0,"224":0,"225":0,"226":0,"227":0,"228":0,"229":0,"230":0,"231":0,"232":0,"233":0,"234":0,"235":0,"236":0,"237":0,"238":0,"239":0,"240":0,"241":0,"242":0,"243":0,"244":0,"245":0,"246":0,"247":0,"248":0,"249":0,"250":0,"251":0,"252":0,"253":0,"254":0,"255":0,"256":0,"257":0,"258":0,"259":0,"260":0,"261":0,"262":0,"263":0,"264":0,"265":0,"266":0,"267":0,"268":0,"269":0,"270":0,"271":0,"272":0,"273":0,"274":0,"275":0,"276":0,"277":0,"278":0,"279":0,"280":0,"281":0,"282":0,"283":0,"284":0,"285":0,"286":0,"287":0,"288":0,"289":0,"290":1,"291":0,"292":0,"293":0,"294":0,"295":0,"296":0,"297":0,"298":0,"299":0,"300":0,"301":0,"302":0,"303":0,"304":0,"305":0,"306":0,"307":0,"308":0,"309":0,"310":0,"311":0,"312":1,"313":0,"314":0,"315":0,"316":0,"317":0,"318":0,"319":0,"320":0,"321":0,"322":0,"323":0,"324":0,"325":0,"326":0,"327":0,"328":0,"329":0,"330":0,"331":0,"332":0,"333":1,"334":0,"335":0,"336":0,"337":0,"338":0,"339":0,"340":0,"341":0,"342":0,"343":0,"344":1,"345":1,"346":0,"347":0,"348":1,"349":1,"350":0,"351":0,"352":1,"353":0,"354":0,"355":0,"356":0,"357":0,"358":0,"359":0,"360":1,"361":0,"362":0,"363":0,"364":0,"365":0,"366":1,"367":0,"368":0,"369":0,"370":0,"371":0,"372":1,"373":1,"374":0,"375":0},"b":{"1":[1,1,0],"2":[0,0],"3":[0,0,0],"4":[0,0,0],"5":[0,0,0],"6":[0,0],"7":[0,0],"8":[0,0],"9":[0,0],"10":[0,0],"11":[0,0],"12":[0,0],"13":[0,0],"14":[0,0],"15":[0,0],"16":[0,0],"17":[0,0],"18":[0,0],"19":[0,0],"20":[0,0],"21":[0,0,0,0],"22":[0,0],"23":[0,0],"24":[0,0],"25":[0,0],"26":[0,0],"27":[0,0],"28":[0,0],"29":[0,0],"30":[0,0],"31":[0,0],"32":[0,0],"33":[0,0],"34":[0,0],"35":[0,0],"36":[0,0],"37":[0,0],"38":[0,0],"39":[0,0,0,0],"40":[0,0,0],"41":[0,0],"42":[0,0],"43":[0,0],"44":[0,0],"45":[0,0],"46":[0,0],"47":[0,0],"48":[0,0],"49":[0,0],"50":[0,0],"51":[0],"52":[0,0],"53":[0,0],"54":[0,0],"55":[0,0],"56":[0,0],"57":[0,0],"58":[0,0],"59":[0,0],"60":[0,0],"61":[0,0],"62":[0,0],"63":[0,0],"64":[0,0],"65":[0,0],"66":[0,0],"67":[0,0],"68":[0,0],"69":[0,0],"70":[0,0],"71":[0,0],"72":[0,0],"73":[0,0],"74":[0,0]},"f":{"1":1,"2":1,"3":0,"4":0,"5":0,"6":0,"7":0,"8":0,"9":0,"10":0,"11":0,"12":0,"13":0,"14":0,"15":1,"16":0,"17":0,"18":0,"19":0,"20":0,"21":1,"22":0,"23":0,"24":0,"25":0,"26":0,"27":0,"28":0,"29":0,"30":0,"31":0,"32":0,"33":0,"34":0,"35":0,"36":0,"37":0,"38":0,"39":0,"40":0,"41":0,"42":0,"43":0,"44":0,"45":0,"46":0,"47":0,"48":0,"49":0,"50":0,"51":0,"52":0,"53":0,"54":0,"55":0,"56":0,"57":0,"58":0,"59":0,"60":0},"fnMap":{"1":{"name":"(anonymous_1)","line":10,"loc":{"start":{"line":10,"column":1},"end":{"line":10,"column":11}}},"2":{"name":"(anonymous_2)","line":23,"loc":{"start":{"line":23,"column":14},"end":{"line":23,"column":24}}},"3":{"name":"Injecter","line":26,"loc":{"start":{"line":26,"column":4},"end":{"line":26,"column":27}}},"4":{"name":"(anonymous_4)","line":36,"loc":{"start":{"line":36,"column":38},"end":{"line":36,"column":48}}},"5":{"name":"(anonymous_5)","line":38,"loc":{"start":{"line":38,"column":11},"end":{"line":38,"column":23}}},"6":{"name":"(anonymous_6)","line":41,"loc":{"start":{"line":41,"column":22},"end":{"line":41,"column":32}}},"7":{"name":"(anonymous_7)","line":45,"loc":{"start":{"line":45,"column":17},"end":{"line":45,"column":27}}},"8":{"name":"(anonymous_8)","line":51,"loc":{"start":{"line":51,"column":17},"end":{"line":51,"column":27}}},"9":{"name":"(anonymous_9)","line":57,"loc":{"start":{"line":57,"column":25},"end":{"line":57,"column":37}}},"10":{"name":"(anonymous_10)","line":60,"loc":{"start":{"line":60,"column":29},"end":{"line":60,"column":41}}},"11":{"name":"(anonymous_11)","line":63,"loc":{"start":{"line":63,"column":23},"end":{"line":63,"column":43}}},"12":{"name":"(anonymous_12)","line":71,"loc":{"start":{"line":71,"column":22},"end":{"line":71,"column":34}}},"13":{"name":"(anonymous_13)","line":74,"loc":{"start":{"line":74,"column":31},"end":{"line":74,"column":56}}},"14":{"name":"(anonymous_14)","line":80,"loc":{"start":{"line":80,"column":13},"end":{"line":80,"column":23}}},"15":{"name":"(anonymous_15)","line":95,"loc":{"start":{"line":95,"column":21},"end":{"line":95,"column":31}}},"16":{"name":"InjectionRouter","line":98,"loc":{"start":{"line":98,"column":4},"end":{"line":98,"column":34}}},"17":{"name":"(anonymous_17)","line":103,"loc":{"start":{"line":103,"column":22},"end":{"line":103,"column":46}}},"18":{"name":"(anonymous_18)","line":116,"loc":{"start":{"line":116,"column":107},"end":{"line":116,"column":121}}},"19":{"name":"(anonymous_19)","line":130,"loc":{"start":{"line":130,"column":51},"end":{"line":130,"column":63}}},"20":{"name":"(anonymous_20)","line":138,"loc":{"start":{"line":138,"column":37},"end":{"line":138,"column":47}}},"21":{"name":"(anonymous_21)","line":151,"loc":{"start":{"line":151,"column":28},"end":{"line":151,"column":38}}},"22":{"name":"(anonymous_22)","line":154,"loc":{"start":{"line":154,"column":39},"end":{"line":154,"column":53}}},"23":{"name":"SimpleAutoreloadServer","line":157,"loc":{"start":{"line":157,"column":4},"end":{"line":157,"column":43}}},"24":{"name":"(anonymous_24)","line":163,"loc":{"start":{"line":163,"column":29},"end":{"line":163,"column":54}}},"25":{"name":"(anonymous_25)","line":165,"loc":{"start":{"line":165,"column":34},"end":{"line":165,"column":44}}},"26":{"name":"(anonymous_26)","line":168,"loc":{"start":{"line":168,"column":19},"end":{"line":168,"column":47}}},"27":{"name":"(anonymous_27)","line":170,"loc":{"start":{"line":170,"column":15},"end":{"line":170,"column":40}}},"28":{"name":"(anonymous_28)","line":250,"loc":{"start":{"line":250,"column":24},"end":{"line":250,"column":34}}},"29":{"name":"(anonymous_29)","line":283,"loc":{"start":{"line":283,"column":28},"end":{"line":283,"column":43}}},"30":{"name":"(anonymous_30)","line":303,"loc":{"start":{"line":303,"column":20},"end":{"line":303,"column":45}}},"31":{"name":"(anonymous_31)","line":309,"loc":{"start":{"line":309,"column":20},"end":{"line":309,"column":30}}},"32":{"name":"(anonymous_32)","line":321,"loc":{"start":{"line":321,"column":21},"end":{"line":321,"column":31}}},"33":{"name":"(anonymous_33)","line":337,"loc":{"start":{"line":337,"column":22},"end":{"line":337,"column":36}}},"34":{"name":"(anonymous_34)","line":356,"loc":{"start":{"line":356,"column":26},"end":{"line":356,"column":38}}},"35":{"name":"(anonymous_35)","line":374,"loc":{"start":{"line":374,"column":23},"end":{"line":374,"column":48}}},"36":{"name":"(anonymous_36)","line":381,"loc":{"start":{"line":381,"column":22},"end":{"line":381,"column":32}}},"37":{"name":"(anonymous_37)","line":388,"loc":{"start":{"line":388,"column":25},"end":{"line":388,"column":39}}},"38":{"name":"(anonymous_38)","line":394,"loc":{"start":{"line":394,"column":23},"end":{"line":394,"column":33}}},"39":{"name":"(anonymous_39)","line":396,"loc":{"start":{"line":396,"column":61},"end":{"line":396,"column":73}}},"40":{"name":"(anonymous_40)","line":403,"loc":{"start":{"line":403,"column":21},"end":{"line":403,"column":34}}},"41":{"name":"(anonymous_41)","line":408,"loc":{"start":{"line":408,"column":36},"end":{"line":408,"column":48}}},"42":{"name":"(anonymous_42)","line":413,"loc":{"start":{"line":413,"column":51},"end":{"line":413,"column":61}}},"43":{"name":"(anonymous_43)","line":430,"loc":{"start":{"line":430,"column":29},"end":{"line":430,"column":39}}},"44":{"name":"(anonymous_44)","line":441,"loc":{"start":{"line":441,"column":23},"end":{"line":441,"column":33}}},"45":{"name":"(anonymous_45)","line":460,"loc":{"start":{"line":460,"column":31},"end":{"line":460,"column":45}}},"46":{"name":"(anonymous_46)","line":466,"loc":{"start":{"line":466,"column":27},"end":{"line":466,"column":40}}},"47":{"name":"(anonymous_47)","line":471,"loc":{"start":{"line":471,"column":17},"end":{"line":471,"column":36}}},"48":{"name":"(anonymous_48)","line":476,"loc":{"start":{"line":476,"column":18},"end":{"line":476,"column":40}}},"49":{"name":"(anonymous_49)","line":499,"loc":{"start":{"line":499,"column":29},"end":{"line":499,"column":43}}},"50":{"name":"(anonymous_50)","line":538,"loc":{"start":{"line":538,"column":26},"end":{"line":538,"column":40}}},"51":{"name":"(anonymous_51)","line":555,"loc":{"start":{"line":555,"column":36},"end":{"line":555,"column":47}}},"52":{"name":"(anonymous_52)","line":556,"loc":{"start":{"line":556,"column":12},"end":{"line":556,"column":24}}},"53":{"name":"bind$","line":562,"loc":{"start":{"line":562,"column":2},"end":{"line":562,"column":34}}},"54":{"name":"(anonymous_54)","line":563,"loc":{"start":{"line":563,"column":11},"end":{"line":563,"column":21}}},"55":{"name":"partialize$","line":565,"loc":{"start":{"line":565,"column":2},"end":{"line":565,"column":38}}},"56":{"name":"(anonymous_56)","line":567,"loc":{"start":{"line":567,"column":11},"end":{"line":567,"column":21}}},"57":{"name":"import$","line":576,"loc":{"start":{"line":576,"column":2},"end":{"line":576,"column":28}}},"58":{"name":"in$","line":581,"loc":{"start":{"line":581,"column":2},"end":{"line":581,"column":21}}},"59":{"name":"clone$","line":586,"loc":{"start":{"line":586,"column":2},"end":{"line":586,"column":21}}},"60":{"name":"fun","line":587,"loc":{"start":{"line":587,"column":4},"end":{"line":587,"column":18}}}},"statementMap":{"1":{"start":{"line":10,"column":0},"end":{"line":590,"column":14}},"2":{"start":{"line":11,"column":2},"end":{"line":11,"column":252}},"3":{"start":{"line":12,"column":2},"end":{"line":12,"column":25}},"4":{"start":{"line":13,"column":2},"end":{"line":13,"column":27}},"5":{"start":{"line":14,"column":2},"end":{"line":14,"column":21}},"6":{"start":{"line":15,"column":2},"end":{"line":15,"column":25}},"7":{"start":{"line":16,"column":2},"end":{"line":16,"column":43}},"8":{"start":{"line":17,"column":2},"end":{"line":17,"column":29}},"9":{"start":{"line":18,"column":2},"end":{"line":18,"column":31}},"10":{"start":{"line":19,"column":2},"end":{"line":19,"column":29}},"11":{"start":{"line":20,"column":2},"end":{"line":20,"column":40}},"12":{"start":{"line":21,"column":2},"end":{"line":21,"column":57}},"13":{"start":{"line":22,"column":2},"end":{"line":22,"column":50}},"14":{"start":{"line":23,"column":2},"end":{"line":94,"column":7}},"15":{"start":{"line":24,"column":4},"end":{"line":24,"column":38}},"16":{"start":{"line":25,"column":4},"end":{"line":25,"column":63}},"17":{"start":{"line":26,"column":4},"end":{"line":56,"column":5}},"18":{"start":{"line":27,"column":6},"end":{"line":27,"column":15}},"19":{"start":{"line":28,"column":6},"end":{"line":28,"column":243}},"20":{"start":{"line":29,"column":6},"end":{"line":29,"column":99}},"21":{"start":{"line":30,"column":6},"end":{"line":35,"column":7}},"22":{"start":{"line":31,"column":8},"end":{"line":31,"column":39}},"23":{"start":{"line":33,"column":8},"end":{"line":33,"column":54}},"24":{"start":{"line":34,"column":8},"end":{"line":34,"column":57}},"25":{"start":{"line":36,"column":6},"end":{"line":40,"column":8}},"26":{"start":{"line":37,"column":8},"end":{"line":37,"column":17}},"27":{"start":{"line":39,"column":8},"end":{"line":39,"column":25}},"28":{"start":{"line":41,"column":6},"end":{"line":55,"column":20}},"29":{"start":{"line":42,"column":8},"end":{"line":42,"column":17}},"30":{"start":{"line":43,"column":8},"end":{"line":54,"column":9}},"31":{"start":{"line":45,"column":10},"end":{"line":47,"column":12}},"32":{"start":{"line":46,"column":12},"end":{"line":46,"column":32}},"33":{"start":{"line":49,"column":10},"end":{"line":49,"column":94}},"34":{"start":{"line":51,"column":10},"end":{"line":53,"column":12}},"35":{"start":{"line":52,"column":12},"end":{"line":52,"column":32}},"36":{"start":{"line":57,"column":4},"end":{"line":59,"column":6}},"37":{"start":{"line":58,"column":6},"end":{"line":58,"column":34}},"38":{"start":{"line":60,"column":4},"end":{"line":62,"column":6}},"39":{"start":{"line":61,"column":6},"end":{"line":61,"column":40}},"40":{"start":{"line":63,"column":4},"end":{"line":70,"column":6}},"41":{"start":{"line":64,"column":6},"end":{"line":64,"column":17}},"42":{"start":{"line":65,"column":6},"end":{"line":68,"column":7}},"43":{"start":{"line":66,"column":8},"end":{"line":66,"column":44}},"44":{"start":{"line":67,"column":8},"end":{"line":67,"column":74}},"45":{"start":{"line":69,"column":6},"end":{"line":69,"column":18}},"46":{"start":{"line":71,"column":4},"end":{"line":73,"column":6}},"47":{"start":{"line":72,"column":6},"end":{"line":72,"column":30}},"48":{"start":{"line":74,"column":4},"end":{"line":92,"column":6}},"49":{"start":{"line":75,"column":6},"end":{"line":75,"column":26}},"50":{"start":{"line":76,"column":6},"end":{"line":76,"column":37}},"51":{"start":{"line":77,"column":6},"end":{"line":77,"column":18}},"52":{"start":{"line":78,"column":6},"end":{"line":78,"column":35}},"53":{"start":{"line":79,"column":6},"end":{"line":79,"column":18}},"54":{"start":{"line":80,"column":6},"end":{"line":91,"column":8}},"55":{"start":{"line":81,"column":8},"end":{"line":81,"column":18}},"56":{"start":{"line":82,"column":8},"end":{"line":82,"column":37}},"57":{"start":{"line":83,"column":8},"end":{"line":89,"column":9}},"58":{"start":{"line":84,"column":10},"end":{"line":86,"column":13}},"59":{"start":{"line":87,"column":10},"end":{"line":87,"column":37}},"60":{"start":{"line":88,"column":10},"end":{"line":88,"column":23}},"61":{"start":{"line":90,"column":8},"end":{"line":90,"column":22}},"62":{"start":{"line":93,"column":4},"end":{"line":93,"column":20}},"63":{"start":{"line":95,"column":2},"end":{"line":150,"column":7}},"64":{"start":{"line":96,"column":4},"end":{"line":96,"column":52}},"65":{"start":{"line":97,"column":4},"end":{"line":97,"column":77}},"66":{"start":{"line":98,"column":4},"end":{"line":102,"column":5}},"67":{"start":{"line":99,"column":6},"end":{"line":99,"column":193}},"68":{"start":{"line":100,"column":6},"end":{"line":100,"column":66}},"69":{"start":{"line":101,"column":6},"end":{"line":101,"column":70}},"70":{"start":{"line":103,"column":4},"end":{"line":148,"column":6}},"71":{"start":{"line":104,"column":6},"end":{"line":104,"column":69}},"72":{"start":{"line":105,"column":6},"end":{"line":107,"column":7}},"73":{"start":{"line":106,"column":8},"end":{"line":106,"column":15}},"74":{"start":{"line":108,"column":6},"end":{"line":108,"column":40}},"75":{"start":{"line":109,"column":6},"end":{"line":109,"column":53}},"76":{"start":{"line":110,"column":6},"end":{"line":110,"column":42}},"77":{"start":{"line":111,"column":6},"end":{"line":111,"column":63}},"78":{"start":{"line":112,"column":6},"end":{"line":147,"column":7}},"79":{"start":{"line":113,"column":8},"end":{"line":113,"column":33}},"80":{"start":{"line":114,"column":8},"end":{"line":129,"column":9}},"81":{"start":{"line":115,"column":10},"end":{"line":115,"column":21}},"82":{"start":{"line":116,"column":10},"end":{"line":124,"column":56}},"83":{"start":{"line":117,"column":12},"end":{"line":117,"column":24}},"84":{"start":{"line":118,"column":12},"end":{"line":123,"column":13}},"85":{"start":{"line":119,"column":14},"end":{"line":119,"column":81}},"86":{"start":{"line":121,"column":14},"end":{"line":121,"column":21}},"87":{"start":{"line":122,"column":14},"end":{"line":122,"column":27}},"88":{"start":{"line":125,"column":10},"end":{"line":128,"column":11}},"89":{"start":{"line":126,"column":12},"end":{"line":126,"column":28}},"90":{"start":{"line":127,"column":12},"end":{"line":127,"column":37}},"91":{"start":{"line":130,"column":8},"end":{"line":134,"column":9}},"92":{"start":{"line":131,"column":10},"end":{"line":131,"column":35}},"93":{"start":{"line":133,"column":10},"end":{"line":133,"column":24}},"94":{"start":{"line":135,"column":8},"end":{"line":137,"column":11}},"95":{"start":{"line":138,"column":8},"end":{"line":140,"column":17}},"96":{"start":{"line":139,"column":10},"end":{"line":139,"column":57}},"97":{"start":{"line":141,"column":8},"end":{"line":141,"column":65}},"98":{"start":{"line":142,"column":8},"end":{"line":142,"column":51}},"99":{"start":{"line":143,"column":8},"end":{"line":143,"column":44}},"100":{"start":{"line":145,"column":8},"end":{"line":145,"column":15}},"101":{"start":{"line":146,"column":8},"end":{"line":146,"column":22}},"102":{"start":{"line":149,"column":4},"end":{"line":149,"column":27}},"103":{"start":{"line":151,"column":2},"end":{"line":554,"column":7}},"104":{"start":{"line":152,"column":4},"end":{"line":152,"column":66}},"105":{"start":{"line":153,"column":4},"end":{"line":153,"column":91}},"106":{"start":{"line":154,"column":4},"end":{"line":156,"column":6}},"107":{"start":{"line":155,"column":6},"end":{"line":155,"column":69}},"108":{"start":{"line":157,"column":4},"end":{"line":162,"column":5}},"109":{"start":{"line":158,"column":6},"end":{"line":158,"column":38}},"110":{"start":{"line":159,"column":6},"end":{"line":159,"column":27}},"111":{"start":{"line":160,"column":6},"end":{"line":160,"column":27}},"112":{"start":{"line":161,"column":6},"end":{"line":161,"column":32}},"113":{"start":{"line":163,"column":4},"end":{"line":257,"column":6}},"114":{"start":{"line":164,"column":6},"end":{"line":164,"column":170}},"115":{"start":{"line":165,"column":6},"end":{"line":165,"column":48}},"116":{"start":{"line":166,"column":6},"end":{"line":166,"column":37}},"117":{"start":{"line":167,"column":6},"end":{"line":167,"column":38}},"118":{"start":{"line":168,"column":6},"end":{"line":183,"column":8}},"119":{"start":{"line":169,"column":8},"end":{"line":169,"column":40}},"120":{"start":{"line":170,"column":8},"end":{"line":182,"column":10}},"121":{"start":{"line":171,"column":10},"end":{"line":171,"column":39}},"122":{"start":{"line":172,"column":10},"end":{"line":181,"column":11}},"123":{"start":{"line":174,"column":12},"end":{"line":174,"column":24}},"124":{"start":{"line":176,"column":12},"end":{"line":176,"column":24}},"125":{"start":{"line":178,"column":12},"end":{"line":178,"column":24}},"126":{"start":{"line":180,"column":12},"end":{"line":180,"column":33}},"127":{"start":{"line":184,"column":6},"end":{"line":184,"column":20}},"128":{"start":{"line":185,"column":6},"end":{"line":188,"column":8}},"129":{"start":{"line":189,"column":6},"end":{"line":198,"column":7}},"130":{"start":{"line":190,"column":8},"end":{"line":190,"column":33}},"131":{"start":{"line":191,"column":8},"end":{"line":193,"column":31}},"132":{"start":{"line":194,"column":8},"end":{"line":197,"column":9}},"133":{"start":{"line":195,"column":10},"end":{"line":195,"column":26}},"134":{"start":{"line":196,"column":10},"end":{"line":196,"column":43}},"135":{"start":{"line":199,"column":6},"end":{"line":199,"column":55}},"136":{"start":{"line":200,"column":6},"end":{"line":200,"column":18}},"137":{"start":{"line":201,"column":6},"end":{"line":201,"column":28}},"138":{"start":{"line":202,"column":6},"end":{"line":202,"column":17}},"139":{"start":{"line":203,"column":6},"end":{"line":217,"column":7}},"140":{"start":{"line":204,"column":8},"end":{"line":204,"column":32}},"141":{"start":{"line":205,"column":8},"end":{"line":216,"column":51}},"142":{"start":{"line":206,"column":10},"end":{"line":206,"column":24}},"143":{"start":{"line":207,"column":10},"end":{"line":207,"column":25}},"144":{"start":{"line":208,"column":10},"end":{"line":208,"column":51}},"145":{"start":{"line":209,"column":10},"end":{"line":214,"column":25}},"146":{"start":{"line":210,"column":12},"end":{"line":212,"column":15}},"147":{"start":{"line":213,"column":12},"end":{"line":213,"column":45}},"148":{"start":{"line":215,"column":10},"end":{"line":215,"column":41}},"149":{"start":{"line":218,"column":6},"end":{"line":220,"column":13}},"150":{"start":{"line":221,"column":6},"end":{"line":226,"column":7}},"151":{"start":{"line":222,"column":8},"end":{"line":222,"column":61}},"152":{"start":{"line":223,"column":8},"end":{"line":223,"column":36}},"153":{"start":{"line":225,"column":8},"end":{"line":225,"column":37}},"154":{"start":{"line":227,"column":6},"end":{"line":227,"column":52}},"155":{"start":{"line":228,"column":6},"end":{"line":235,"column":7}},"156":{"start":{"line":229,"column":8},"end":{"line":229,"column":22}},"157":{"start":{"line":230,"column":8},"end":{"line":234,"column":16}},"158":{"start":{"line":236,"column":6},"end":{"line":236,"column":51}},"159":{"start":{"line":237,"column":6},"end":{"line":248,"column":7}},"160":{"start":{"line":238,"column":8},"end":{"line":238,"column":24}},"161":{"start":{"line":239,"column":8},"end":{"line":246,"column":23}},"162":{"start":{"line":240,"column":10},"end":{"line":240,"column":64}},"163":{"start":{"line":241,"column":10},"end":{"line":245,"column":11}},"164":{"start":{"line":242,"column":12},"end":{"line":244,"column":15}},"165":{"start":{"line":247,"column":8},"end":{"line":247,"column":49}},"166":{"start":{"line":249,"column":6},"end":{"line":251,"column":7}},"167":{"start":{"line":250,"column":8},"end":{"line":250,"column":37}},"168":{"start":{"line":252,"column":6},"end":{"line":252,"column":25}},"169":{"start":{"line":253,"column":6},"end":{"line":256,"column":7}},"170":{"start":{"line":254,"column":8},"end":{"line":254,"column":65}},"171":{"start":{"line":255,"column":8},"end":{"line":255,"column":84}},"172":{"start":{"line":258,"column":4},"end":{"line":275,"column":6}},"173":{"start":{"line":276,"column":4},"end":{"line":282,"column":6}},"174":{"start":{"line":283,"column":4},"end":{"line":302,"column":6}},"175":{"start":{"line":284,"column":6},"end":{"line":284,"column":21}},"176":{"start":{"line":285,"column":6},"end":{"line":285,"column":42}},"177":{"start":{"line":286,"column":6},"end":{"line":301,"column":7}},"178":{"start":{"line":288,"column":8},"end":{"line":288,"column":31}},"179":{"start":{"line":290,"column":8},"end":{"line":295,"column":9}},"180":{"start":{"line":291,"column":10},"end":{"line":291,"column":17}},"181":{"start":{"line":292,"column":10},"end":{"line":294,"column":11}},"182":{"start":{"line":293,"column":12},"end":{"line":293,"column":21}},"183":{"start":{"line":296,"column":8},"end":{"line":296,"column":17}},"184":{"start":{"line":298,"column":8},"end":{"line":298,"column":21}},"185":{"start":{"line":300,"column":8},"end":{"line":300,"column":17}},"186":{"start":{"line":303,"column":4},"end":{"line":320,"column":6}},"187":{"start":{"line":304,"column":6},"end":{"line":304,"column":36}},"188":{"start":{"line":305,"column":6},"end":{"line":305,"column":49}},"189":{"start":{"line":306,"column":6},"end":{"line":308,"column":7}},"190":{"start":{"line":307,"column":8},"end":{"line":307,"column":15}},"191":{"start":{"line":309,"column":6},"end":{"line":317,"column":11}},"192":{"start":{"line":310,"column":8},"end":{"line":310,"column":17}},"193":{"start":{"line":311,"column":8},"end":{"line":316,"column":9}},"194":{"start":{"line":313,"column":10},"end":{"line":313,"column":38}},"195":{"start":{"line":315,"column":10},"end":{"line":315,"column":27}},"196":{"start":{"line":318,"column":6},"end":{"line":318,"column":76}},"197":{"start":{"line":319,"column":6},"end":{"line":319,"column":65}},"198":{"start":{"line":321,"column":4},"end":{"line":336,"column":6}},"199":{"start":{"line":322,"column":6},"end":{"line":322,"column":26}},"200":{"start":{"line":323,"column":6},"end":{"line":335,"column":7}},"201":{"start":{"line":324,"column":8},"end":{"line":326,"column":9}},"202":{"start":{"line":325,"column":10},"end":{"line":325,"column":22}},"203":{"start":{"line":327,"column":8},"end":{"line":329,"column":9}},"204":{"start":{"line":328,"column":10},"end":{"line":328,"column":24}},"205":{"start":{"line":330,"column":8},"end":{"line":330,"column":29}},"206":{"start":{"line":331,"column":8},"end":{"line":331,"column":56}},"207":{"start":{"line":333,"column":8},"end":{"line":333,"column":16}},"208":{"start":{"line":334,"column":8},"end":{"line":334,"column":55}},"209":{"start":{"line":337,"column":4},"end":{"line":459,"column":6}},"210":{"start":{"line":338,"column":6},"end":{"line":338,"column":79}},"211":{"start":{"line":339,"column":6},"end":{"line":339,"column":18}},"212":{"start":{"line":340,"column":6},"end":{"line":367,"column":7}},"213":{"start":{"line":341,"column":8},"end":{"line":343,"column":9}},"214":{"start":{"line":342,"column":10},"end":{"line":342,"column":22}},"215":{"start":{"line":344,"column":8},"end":{"line":344,"column":92}},"216":{"start":{"line":345,"column":8},"end":{"line":347,"column":16}},"217":{"start":{"line":348,"column":8},"end":{"line":348,"column":18}},"218":{"start":{"line":349,"column":8},"end":{"line":352,"column":9}},"219":{"start":{"line":350,"column":10},"end":{"line":350,"column":26}},"220":{"start":{"line":351,"column":10},"end":{"line":351,"column":101}},"221":{"start":{"line":353,"column":8},"end":{"line":353,"column":20}},"222":{"start":{"line":354,"column":8},"end":{"line":354,"column":50}},"223":{"start":{"line":355,"column":8
[...]
totype.assure = function(options, defaults){","      var nodes, i$, ref$, len$, entry, label, ref1$, base, key, primary, node, name, option;","      defaults == null && (defaults = this.defaults);","      options = import$({}, options);","      nodes = {};","      for (i$ = 0, len$ = (ref$ = this.optionList).length; i$ < len$; ++i$) {","        entry = ref$[i$], label = entry.label;","        ref1$ = convertToKeys(label, '', '.'), base = ref1$[0], key = ref1$[1];","        if (!base) {","          (fn$.call(this, options[key]));","          this.defaultOption(options, key, entry, defaults[key] != null, options);","          continue;","        }","        primary = nodes[base] == null;","        ((ref1$ = nodes[base]) != null","          ? ref1$","          : nodes[base] = {})[key] = entry;","        if (!primary) {","          continue;","        }","        options[base] = compose$(fn1$, flatten)(fn2$);","      }","      for (base in nodes) {","        node = nodes[base];","        for (name in node) {","          entry = node[name];","          for (i$ = 0, len$ = (ref$ = options[base]).length; i$ < len$; ++i$) {","            option = ref$[i$];","            this.defaultOption(option, name, entry, defaults[base] != null, options);","          }","        }","      }","      return options;","      function fn$(it){","        isArray(it) && (options[key] = it[it.length - 1]);","      }","      function fn1$(it){","        return typeof it == 'function' ? it(options[base]) : void 8;","      }","      function fn2$(obj){","        var ref$;","        switch (false) {","        case typeof obj !== 'string':","          return [(ref$ = {}, ref$[key] = obj, ref$)];","        case obj != null:","          return [];","        case !isArray(obj):","          return obj.map(arguments.callee);","        case !isArray(obj[key]):","          return obj[key].map(function(it){","            var ref$;","            return ref$ = clone$(obj), ref$[key] = it, ref$;","          });","        case obj[key] == null:","          return [obj];","        default:","          return [];","        }","      }","    };","    return OptionHelper;","  }());","  out$.OptionHelper = OptionHelper;","  function curry$(f, bound){","    var context,","    _curry = function(args) {","      return f.length > 1 ? function(){","        var params = args ? args.concat() : [];","        context = bound ? context || this : this;","        return params.push.apply(params, arguments) <","            f.length && arguments.length ?","          _curry.call(context, params) : f.apply(context, params);","      } : f;","    };","    return _curry();","  }","  function import$(obj, src){","    var own = {}.hasOwnProperty;","    for (var key in src) if (own.call(src, key)) obj[key] = src[key];","    return obj;","  }","  function compose$() {","    var functions = arguments;","    return function() {","      var i, result;","      result = functions[0].apply(this, arguments);","      for (i = 1; i < functions.length; ++i) {","        result = functions[i](result);","      }","      return result;","    };","  }","  function bind$(obj, key, target){","    return function(){ return (target || obj)[key].apply(obj, arguments) };","  }","  function partialize$(f, args, where){","    var context = this;","    return function(){","      var params = slice$.call(arguments), i,","          len = params.length, wlen = where.length,","          ta = args ? args.concat() : [], tw = where ? where.concat() : [];","      for(i = 0; i < len; ++i) { ta[tw[0]] = params[i]; tw.shift(); }","      return len < wlen && len ?","        partialize$.apply(context, [f, ta, tw]) : f.apply(context, ta);","    };","  }","  function clone$(it){","    function fun(){} fun.prototype = it;","    return new fun;","  }","}).call(this);",""],"l":{"10":1,"11":1,"12":1,"13":1,"14":1,"15":0,"17":1,"18":1,"19":1,"20":0,"21":0,"22":0,"23":0,"24":0,"28":1,"29":0,"30":0,"31":0,"32":0,"35":1,"36":0,"37":0,"39":0,"40":0,"41":0,"44":0,"46":1,"47":0,"48":0,"49":0,"51":0,"52":0,"57":0,"58":0,"60":0,"63":1,"64":1,"65":1,"66":1,"67":1,"68":0,"69":0,"70":0,"72":1,"73":0,"74":0,"75":0,"78":0,"79":0,"80":0,"81":0,"82":0,"83":0,"84":0,"88":0,"90":1,"91":0,"92":0,"93":0,"94":0,"95":0,"96":0,"99":1,"100":0,"101":0,"103":0,"104":0,"106":0,"108":0,"110":1,"111":0,"112":0,"113":0,"115":0,"120":1,"122":1,"123":1,"124":1,"125":1,"126":0,"128":1,"129":0,"130":0,"132":0,"133":0,"136":0,"141":0,"143":0,"145":0,"146":0,"150":1,"151":0,"152":0,"153":0,"156":0,"157":0,"158":0,"159":0,"160":0,"161":0,"167":1,"168":0,"169":0,"170":0,"171":0,"172":0,"173":0,"176":0,"177":0,"178":0,"180":0,"181":0,"182":0,"183":0,"184":0,"187":0,"188":0,"189":0,"191":0,"193":0,"194":0,"195":0,"196":0,"198":0,"203":1,"204":0,"205":0,"206":0,"208":0,"210":0,"212":0,"214":0,"217":0,"218":0,"220":0,"222":0,"226":1,"227":0,"228":0,"229":0,"230":0,"231":0,"232":0,"233":0,"234":0,"235":0,"236":0,"237":0,"239":0,"240":0,"243":0,"244":0,"246":0,"248":0,"249":0,"250":0,"251":0,"252":0,"253":0,"254":0,"258":0,"259":1,"260":0,"262":1,"263":0,"265":1,"266":0,"267":0,"269":0,"271":0,"273":0,"275":0,"276":0,"277":0,"280":0,"282":0,"286":1,"288":1,"289":1,"290":0,"292":0,"293":0,"294":0,"295":0,"300":0,"302":1,"303":0,"304":0,"305":0,"307":1,"308":0,"309":0,"310":0,"311":0,"312":0,"313":0,"315":0,"318":1,"319":0,"321":1,"322":0,"323":0,"324":0,"327":0,"328":0,"332":1,"333":1,"334":0}},"/home/travis/build/npmtest/node-npmtest-simple-autoreload-server/node_modules/simple-autoreload-server/lib/option-list.js":{"path":"/home/travis/build/npmtest/node-npmtest-simple-autoreload-server/node_modules/simple-autoreload-server/lib/option-list.js","s":{"1":1,"2":1,"3":1},"b":{"1":[1,1,0]},"f":{"1":1},"fnMap":{"1":{"name":"(anonymous_1)","line":10,"loc":{"start":{"line":10,"column":1},"end":{"line":10,"column":11}}}},"statementMap":{"1":{"start":{"line":10,"column":0},"end":{"line":276,"column":14}},"2":{"start":{"line":11,"column":2},"end":{"line":11,"column":62}},"3":{"start":{"line":12,"column":2},"end":{"line":275,"column":4}}},"branchMap":{"1":{"line":11,"type":"binary-expr","locations":[{"start":{"line":11,"column":13},"end":{"line":11,"column":42}},{"start":{"line":11,"column":46},"end":{"line":11,"column":53}},{"start":{"line":11,"column":57},"end":{"line":11,"column":61}}]}},"code":["/*"," * simple-autoreload-server v0.2.6 - 2016-10-14"," * <https://github.com/cytb/simple-autoreload-server>"," *"," * Copyright (c) 2016 cytb"," *"," * Licensed under the MIT License."," */","","(function(){","  var out$ = typeof exports != 'undefined' && exports || this;","  out$.options = [","    {","      \"label\": \"path\",","      \"short\": \"d\",","      \"type\": \"string\",","      \"def\": \".\",","      \"help\": \"set directory to publish.\",","      \"desc\": \"specifies root directory to publish.\"","    }, {","      \"label\": \"watch\",","      \"short\": \"w\",","      \"type\": \"pattern\",","      \"def\": \"**/**\",","      \"help\": \"pattern for file to watch.\",","      \"desc\": \"pattern for file to watch.\\nif true, it matches any files, and matches nothing on false.\"","    }, {","      \"label\": \"reload\",","      \"short\": \"r\",","      \"type\": \"pattern\",","      \"def\": false,","      \"help\": \"pattern for file to reload the whole page.\",","      \"desc\": \"pattern for file to reload the whole page.\\nwhether or not to reload actually depends on behavior of client script.\\nif true, it matches any files, and matches nothing on false.\"","    }, {","      \"label\": \"mount.path\",","      \"short\": \"m\",","      \"type\": \"string\",","      \"def\": \".\",","      \"help\": \"set additional directory to publish.\",","      \"desc\": \"specifies additional directory to publish.\\n\\nprogram can accept multiple times in commandline.\\nother 'mount.*' options are attached to corresponding path by order in commandline.\",","      \"examples\": {","        \"command\": \"autoreload-server -H localhost -p 8080 -m ./html -m ./node_modules --mount.path ./build\",","        \"result\": \"the server publishes content of './html', './node_modules' and './build' at 'https://localhost:8080/'.\\nif all of those directories contain 'index.html' and client requests 'https://localhost:8080/index.html',\\nthe first one will be sent ('./html/index.html' in this case).\"","      }","    }, {","      \"label\": \"mount.target\",","      \"short\": \"t\",","      \"type\": \"string\",","      \"def\": \"/\",","      \"help\": \"server side path of mounted direcory\",","      \"desc\": \"server side path of mounted direcory.\",","      \"examples\": {","        \"command\": \"autoreload-server . 8080 -m ./www/js -t /components\",","        \"result\": \"the server publishes content of './' to server-root(http://localhost:8080/),\\n\\\"./www/js\\\" to \\\"/components\\\" (http://localhost:8080/components/).\"","      }","    }, {","      \"label\": \"mount.watch\",","      \"short\": \"W\",","      \"type\": \"pattern\",","      \"def\": \"**/**\",","      \"help\": \"pattern of file to watch.\",","      \"desc\": \"pattern of file to watch.\"","    }, {","      \"label\": \"host\",","      \"short\": \"H\",","      \"type\": \"string\",","      \"def\": \"0.0.0.0\",","      \"help\": \"set host address to publish.\",","      \"desc\": \"specifies server address to listen.\\n'0.0.0.0' means listening all of the (ipv4) interfaces on computer.\"","    }, {","      \"label\": \"port\",","      \"short\": \"p\",","      \"type\": \"number\",","      \"def\": \"8080\",","      \"help\": \"set port to listen (http).\",","      \"desc\": \"specifies server http(s) port to listen.\"","    }, {","      \"label\": \"config\",","      \"short\": \"c\",","      \"type\": \"string\",","      \"def\": \".autoreload.json\",","      \"help\": \"load options from json.\",","      \"desc\": \"load json as config before starting server.\\nthe config overwritten by command-line options and function arguments.\\nall of specified pathes regarded as relative path from config location.\\n(function arguments, and command-line parameters as well.)\\n\\nthe server logs nothing when the default config does not exist.\"","    }, {","      \"label\": \"search-config\",","      \"short\": null,","      \"type\": \"boolean\",","      \"def\": true,","      \"help\": \"search for config json in parent directories.\",","      \"desc\": \"search for config file in parent directories.\\nit is no harm when specified absolute path.\"","    }, {","      \"label\": \"list-directory\",","      \"short\": \"l\",","      \"type\": \"boolean\",","      \"def\": true,","      \"help\": \"enable directory listing.\",","      \"desc\": \"enable directory listing.\\nit should be disabled if you want to invoke default request handler.\"","    }, {","      \"label\": \"browse\",","      \"short\": \"b\",","      \"type\": \"string\",","      \"def\": false,","      \"help\": \"open server url by platform default program.\",","      \"desc\": \"invokes platform default program with argumemts after launched. \\n\\nif provided true via function argument \\nor '--browse' option followed by nothing via command-line, \\nthe program invokes the default with the server url.\\n\\nif the 'String' value was specified, it will be passed instead of the server url.\\nthe server does nothing if specified Boolean of 'false' or 'null'.\",","      \"examples\": [","        {","          \"command\": \"autoreload-server -d . -p 8088 -H 192.168.1.15 -b\",","          \"result\": \"opens https://192.168.1.15:8088/\"","        }, {","          \"command\": 'autoreload-server -d . -p 8088 -b \"http://server1.localdomain:80/\"',","          \"result\": 'opens \"http://server1.localdomain:80/\"'","        }","      ]","    }, {","      \"label\": \"execute\",","      \"short\": \"e\",","      \"type\": \"string\",","      \"def\": \"\",","      \"help\": \"execute command when the server has prepared.\",","      \"desc\": \"executes command when the server has been prepared.\\nthe command is passed to shell.\\nin other words it has not been invoked directly.\\n\\nyou can pass Array of above values or many times on command-line,\\nand then the server invokes with each values.\\n\",","      \"examples\": {","        \"command\": 'autoreload-server -e \"firefox\"',","        \"result\": \"opens firefox via shell\"","      }","    }, {","      \"label\": \"stop-on-exit\",","      \"short\": \"k\",","      \"type\": \"boolean\",","      \"def\": false,","      \"help\": \"exit when invoked process specified by \\\"execute\\\" died.\",","      \"desc\": \"the server will stop when invoked process specified by 'execute' option died.\\nif there are multiple processes invoked by 'execute' option,\\nthe server keep running until all of that has been killed.\"","    }, {","      \"label\": \"ignore-case\",","      \"short\": \"i\",","      \"type\": \"boolean\",","      \"def\": true,","      \"help\": \"ignore case of glob patterns.\",","      \"desc\": \"ignoring case of glob-string of patterns.\\n\\nthis option is no harm to regex pattern of 'pattern' type.\\nall of the glob patterns that were passed as 'String' type\\nvia function arguments or command-line option will be affected.\"","    }, {","      \"label\": \"include-hidden\",","      \"short\": \"n\",","      \"type\": \"boolean\",","      \"def\": false,","      \"help\": \"glob includes hidden files.\",","      \"desc\": \"make globs to include hidden (dot) files.\\nthis option is no harm except for glob string patterns.\"","    }, {","      \"label\": \"default-pages\",","      \"short\": null,","      \"type\": \"pattern\",","      \"def\": \"index.{htm,html}\",","      \"help\": \"default page file pattern for directory request.\",","      \"desc\": \"default page file pattern for directory request.\"","    }, {","      \"label\": \"encoding\",","      \"short\": null,","      \"type\": \"string\",","      \"def\": \"utf-8\",","      \"help\": \"encoding for reading texts and inject target files\",","      \"desc\": \"encoding for reading texts and inject target files\"","    }, {","      \"label\": \"watch-delay\",","      \"short\": null,","      \"type\": \"number\",","      \"def\": 20,","      \"help\": \"delay time to supress duplicate watch event (ms).\",","      \"desc\": \"delay time to supress duplicate watch event (in milil-seconds).\\nthe watch event is often fired multiple times in short duration.\"","    }, {","      \"label\": \"log\",","      \"short\": \"v\",","      \"type\": \"string\",","      \"def\": \"normal\",","      \"help\": \"set log-level\",","      \"desc\": \"set log mode. choose from followings.\\n'silent' -> 'minimum' -> 'normal' -> 'verbose' -> 'noisy'\\n(number also acceptable: silent is 0, minimum is 1, ..., and noisy is 4)\"","    }, {","      \"label\": \"builtin-script\",","      \"short\": null,","      \"type\": \"boolean\",","      \"def\": true,","      \"help\": \"enable default built-in script injection.\",","      \"desc\": \"enable injection of default built-in script.\\n\\nif you want to replace for built-in script by another script,\\nspecify this option to false or with negative prefix ('no-') without equal,\\nand use 'inject' option.\"","    }, {","      \"label\": \"client-module\",","      \"short\": null,","      \"type\": \"string\",","      \"def\": true,","      \"help\": \"expose client module to 'window' object.\",","      \"desc\": \"expose client side built-in module to 'window' object.\\nif you want to use client module in built-in script, set true or String value.\\n\\nIf true,   module will be exposed to 'window.AutoreloadClient'.\\nIf String, module will be exposed in window with specified name.\\n\\nThis option does nothing when 'builtin-script' is false.\\nwhen the module is initialized, it emits the 'AutoreloadClient.*' events on 'window'.\\nsee 'examples'.\"","    }, {","      \"label\": \"client-log\",","      \"short\": null,","      \"type\": \"boolean\",","      \"def\": false,","      \"help\": \"inform client to log.\",","      \"desc\": \"inform client to log.\\nthe server only send a option to client on connect by this option.\\nwhether or not to logs actually depends on behavior of client script.\"","    }, {","      \"label\": \"recursive\",","      \"short\": \"R\",","      \"type\": \"boolean\",","      \"def\": true,","      \"help\": \"watch sub-directories recursively.\",","      \"desc\": \"watch sub-directories recursively. this may take a while at startup.\\nthe server does not detect cyclic structure and it may cause infinit loop.\\nunset follow-symlinks option if need.\"","    }, {","      \"label\": \"follow-symlinks\",","      \"short\": \"L\",","      \"type\": \"boolean\",","      \"def\": false,","      \"help\": \"follow symbolic-links. (requires 'recursive' option)\",","      \"desc\": \"lookup files in symbolic-links target when watch directory. \\nthis option affects only when the resursive option is enabled.\"","    }, {","      \"label\": \"inject.content\",","      \"short\": \"I\",","      \"type\": \"string\",","      \"def\": \"\",","      \"help\": \"injects specified content.\",","      \"desc\": \"injects specified content. see also: 'inject.type'.\\nif no inject.content options are provided,\\nand the file '.autoreload.html' exists in current directory\\n(or config json directory), server try to inject as a builtin-script.\"","    }, {","      \"label\": \"inject.type\",","      \"short\": \"T\",","      \"type\": \"string\",","      \"def\": \"file\",","      \"help\": 'type of \"inject.content\".',","      \"desc\": \"specifies type of 'inject.content' option.\\n'file': treat 'inject.content' as file path.\\n'raw':  'inject.content' will be injected directly.\"","    }, {","      \"label\": \"inject.which\",","      \"short\": \"F\",","      \"type\": \"pattern\",","      \"def\": \"**/**.{htm,html}\",","      \"help\": \"specify pattern for injection target.\",","      \"desc\": \"specify pattern for injection target.\"","    }, {","      \"label\": \"inject.where\",","      \"short\": \"P\",","      \"type\": \"string\",","      \"def\": \"</(body|head|html)>\",","      \"help\": \"specify regex string where to inject.\",","      \"desc\": \"this is not a 'pattern' type.\\nspecify regex string where to inject.\\ncontent will be injected before matched string.\"","    }, {","      \"label\": \"inject.prepend\",","      \"short\": \"E\",","      \"type\": \"boolean\",","      \"def\": false,","      \"help\": \"insert content before matched.\",","      \"desc\": \"change injection method to 'prepend'.\\nif true, content will be injected 'before' matched string.\"","    }, {","      \"label\": \"help\",","      \"short\": \"h\",","      \"type\": \"boolean\",","      \"def\": false,","      \"help\": \"show help\",","      \"desc\": \"show help and exit.\\nignored if it was appeared on json or function arguments.\"","    }, {","      \"label\": \"version\",","      \"short\": \"V\",","      \"type\": \"boolean\",","      \"def\": false,","      \"help\": \"show version\",","      \"desc\": \"shows version.\\nignored if it was appeared on json or function arguments.\"","    }, {","      \"label\": \"onmessage\",","      \"short\": null,","      \"type\": \"function\",","      \"def\": null,","      \"help\": \"onmessage event handler.\",","      \"desc\": \"specifies server onmessage handler.\\nserver calls this function on broadcast the message.\",","      \"nocli\": true","    }, {","      \"label\": \"connect-app\",","      \"short\": null,","      \"type\": \"object\",","      \"def\": null,","      \"help\": \"specify 'connect' app object as server base.\",","      \"desc\": \"specifies 'connect' app object as server base.\\nserver middleware layers willbe stacked to this object.\",","      \"nocli\": true","    }","  ];","}).call(this);",""],"l":{"10":1,"11":1,"12":1}}}